2026-05-07 11:52:06,268 [INFO] Train data : E:\1ADD\ADis_QSAR\multiclass_0506\Vary_params_results\80\ECFP4_256bits\MinMax\80_train_vector.tsv
2026-05-07 11:52:06,268 [INFO] Valid data : E:\1ADD\ADis_QSAR\multiclass_0506\Vary_params_results\80\ECFP4_256bits\MinMax\80_valid_vector.tsv
2026-05-07 11:52:06,270 [INFO] Output path : E:\1ADD\ADis_QSAR\multiclass_0506\Vary_params_results\80\ECFP4_256bits\MinMax\80_model\MLP
2026-05-07 11:52:06,270 [INFO] Model type : MLP
2026-05-07 11:52:06,270 [INFO] Use cores : 19
2026-05-07 11:52:06,286 [INFO] Detected classes: [0, 1, 2] (n_classes=3)
2026-05-07 11:52:06,397 [INFO] Set parameters : {'mlp__hidden_layer_sizes': [(50,), (100,), (50, 50), (100, 100)], 'mlp__learning_rate': ['constant', 'invscaling', 'adaptive'], 'mlp__activation': ['relu', 'identity', 'logistic', 'tanh'], 'mlp__solver': ['adam', 'sgd', 'lbfgs'], 'mlp__alpha': [0.1, 0.01, 0.001], 'mlp__max_iter': [500, 1000], 'mlp__early_stopping': [True]}
2026-05-07 12:10:56,252 [INFO] GridSearchCV results :
     mean_valid_accuracy  ...  mean_valid_auc_ovr_macro
738             0.461159  ...                  0.633982
741             0.461159  ...                  0.633982
753             0.461159  ...                  0.633982
750             0.461159  ...                  0.633982
747             0.461159  ...                  0.633982
..                   ...  ...                       ...
529             0.289573  ...                  0.532181
457             0.289573  ...                  0.532181
604             0.289573  ...                  0.532181
601             0.289573  ...                  0.532181
460             0.289573  ...                  0.532181

[864 rows x 5 columns]
2026-05-07 12:10:56,261 [INFO] Best model :
Pipeline(steps=[('smote', SMOTE(random_state=42)),
                ('mlp',
                 MLPClassifier(activation='tanh', alpha=0.01,
                               early_stopping=True, max_iter=500,
                               random_state=42))])
2026-05-07 12:10:56,302 [INFO] {'Data': 'train', 'ACC': 0.7302, 'Precision_macro': 0.7248, 'Recall_macro': 0.7289, 'F1_macro': 0.7262, 'AUC_ovr_macro': 0.8735, 'AUC_class0': 0.8875, 'AUC_class1': 0.8345, 'AUC_class2': 0.8985}
2026-05-07 12:10:56,338 [INFO] {'Data': 'valid', 'ACC': 0.63, 'Precision_macro': 0.6168, 'Recall_macro': 0.6212, 'F1_macro': 0.617, 'AUC_ovr_macro': 0.8015, 'AUC_class0': 0.8582, 'AUC_class1': 0.7086, 'AUC_class2': 0.8378}
2026-05-07 12:10:56,387 [INFO] {'Data': 'test', 'ACC': 0.6117, 'Precision_macro': 0.604, 'Recall_macro': 0.6188, 'F1_macro': 0.6044, 'AUC_ovr_macro': 0.7626, 'AUC_class0': 0.7896, 'AUC_class1': 0.6165, 'AUC_class2': 0.8817}
2026-05-07 12:10:56,410 [INFO] Time : 1130.1420030593872
