2026-05-06 19:24:06,030 [INFO] Train data : E:\1ADD\ADis_QSAR\multiclass_0506\Vary_params_results\50\ECFP2_256bits\Robust\50_train_vector.tsv
2026-05-06 19:24:06,030 [INFO] Valid data : E:\1ADD\ADis_QSAR\multiclass_0506\Vary_params_results\50\ECFP2_256bits\Robust\50_valid_vector.tsv
2026-05-06 19:24:06,031 [INFO] Output path : E:\1ADD\ADis_QSAR\multiclass_0506\Vary_params_results\50\ECFP2_256bits\Robust\50_model\MLP
2026-05-06 19:24:06,031 [INFO] Model type : MLP
2026-05-06 19:24:06,031 [INFO] Use cores : 19
2026-05-06 19:24:06,049 [INFO] Detected classes: [0, 1, 2] (n_classes=3)
2026-05-06 19:24:06,180 [INFO] Set parameters : {'mlp__hidden_layer_sizes': [(50,), (100,), (50, 50), (100, 100)], 'mlp__learning_rate': ['constant', 'invscaling', 'adaptive'], 'mlp__activation': ['relu', 'identity', 'logistic', 'tanh'], 'mlp__solver': ['adam', 'sgd', 'lbfgs'], 'mlp__alpha': [0.1, 0.01, 0.001], 'mlp__max_iter': [500, 1000], 'mlp__early_stopping': [True]}
2026-05-06 20:21:29,415 [INFO] GridSearchCV results :
     mean_valid_accuracy  ...  mean_valid_auc_ovr_macro
459             0.494961  ...                  0.637842
450             0.494961  ...                  0.637842
456             0.494961  ...                  0.637842
465             0.494961  ...                  0.637842
453             0.494961  ...                  0.637842
..                   ...  ...                       ...
496             0.287818  ...                  0.489737
637             0.287818  ...                  0.489737
565             0.287818  ...                  0.489737
568             0.287818  ...                  0.489737
640             0.287818  ...                  0.489737

[864 rows x 5 columns]
2026-05-06 20:21:29,421 [INFO] Best model :
Pipeline(steps=[('smote', SMOTE(random_state=42)),
                ('mlp',
                 MLPClassifier(activation='logistic', alpha=0.1,
                               early_stopping=True, max_iter=500,
                               random_state=42))])
2026-05-06 20:21:29,457 [INFO] {'Data': 'train', 'ACC': 0.8986, 'Precision_macro': 0.8965, 'Recall_macro': 0.8939, 'F1_macro': 0.8948, 'AUC_ovr_macro': 0.9682, 'AUC_class0': 0.9773, 'AUC_class1': 0.9516, 'AUC_class2': 0.9757}
2026-05-06 20:21:29,488 [INFO] {'Data': 'valid', 'ACC': 0.6286, 'Precision_macro': 0.6209, 'Recall_macro': 0.6211, 'F1_macro': 0.6208, 'AUC_ovr_macro': 0.8177, 'AUC_class0': 0.8666, 'AUC_class1': 0.7591, 'AUC_class2': 0.8273}
2026-05-06 20:21:29,530 [INFO] {'Data': 'test', 'ACC': 0.6296, 'Precision_macro': 0.6311, 'Recall_macro': 0.6251, 'F1_macro': 0.6168, 'AUC_ovr_macro': 0.7948, 'AUC_class0': 0.8478, 'AUC_class1': 0.6791, 'AUC_class2': 0.8575}
2026-05-06 20:21:29,550 [INFO] Time : 3443.51970744133
