2026-05-07 09:52:54,233 [INFO] Train data : E:\1ADD\ADis_QSAR\multiclass_0506\Vary_params_results\80\ECFP2_512bits\Standard\80_train_vector.tsv
2026-05-07 09:52:54,234 [INFO] Valid data : E:\1ADD\ADis_QSAR\multiclass_0506\Vary_params_results\80\ECFP2_512bits\Standard\80_valid_vector.tsv
2026-05-07 09:52:54,235 [INFO] Output path : E:\1ADD\ADis_QSAR\multiclass_0506\Vary_params_results\80\ECFP2_512bits\Standard\80_model\MLP
2026-05-07 09:52:54,235 [INFO] Model type : MLP
2026-05-07 09:52:54,235 [INFO] Use cores : 19
2026-05-07 09:52:54,279 [INFO] Detected classes: [0, 1, 2] (n_classes=3)
2026-05-07 09:52:54,659 [INFO] Set parameters : {'mlp__hidden_layer_sizes': [(50,), (100,), (50, 50), (100, 100)], 'mlp__learning_rate': ['constant', 'invscaling', 'adaptive'], 'mlp__activation': ['relu', 'identity', 'logistic', 'tanh'], 'mlp__solver': ['adam', 'sgd', 'lbfgs'], 'mlp__alpha': [0.1, 0.01, 0.001], 'mlp__max_iter': [500, 1000], 'mlp__early_stopping': [True]}
2026-05-07 10:22:42,325 [INFO] GridSearchCV results :
     mean_valid_accuracy  ...  mean_valid_auc_ovr_macro
355             0.455549  ...                  0.625171
358             0.455549  ...                  0.625171
427             0.455549  ...                  0.625171
430             0.455549  ...                  0.625171
283             0.453049  ...                  0.624441
..                   ...  ...                       ...
514             0.292195  ...                  0.502830
586             0.292195  ...                  0.502830
511             0.292195  ...                  0.502830
439             0.292195  ...                  0.502830
442             0.292195  ...                  0.502830

[864 rows x 5 columns]
2026-05-07 10:22:42,332 [INFO] Best model :
Pipeline(steps=[('smote', SMOTE(random_state=42)),
                ('mlp',
                 MLPClassifier(activation='identity', alpha=0.01,
                               early_stopping=True,
                               hidden_layer_sizes=(100, 100),
                               learning_rate='adaptive', max_iter=500,
                               random_state=42, solver='sgd'))])
2026-05-07 10:22:42,374 [INFO] {'Data': 'train', 'ACC': 0.6757, 'Precision_macro': 0.6753, 'Recall_macro': 0.6774, 'F1_macro': 0.6738, 'AUC_ovr_macro': 0.8545, 'AUC_class0': 0.8649, 'AUC_class1': 0.8227, 'AUC_class2': 0.876}
2026-05-07 10:22:42,412 [INFO] {'Data': 'valid', 'ACC': 0.56, 'Precision_macro': 0.5531, 'Recall_macro': 0.552, 'F1_macro': 0.5482, 'AUC_ovr_macro': 0.7793, 'AUC_class0': 0.8665, 'AUC_class1': 0.6705, 'AUC_class2': 0.8009}
2026-05-07 10:22:42,483 [INFO] {'Data': 'test', 'ACC': 0.5534, 'Precision_macro': 0.5655, 'Recall_macro': 0.5606, 'F1_macro': 0.5526, 'AUC_ovr_macro': 0.7041, 'AUC_class0': 0.7127, 'AUC_class1': 0.6434, 'AUC_class2': 0.7562}
2026-05-07 10:22:42,511 [INFO] Time : 1788.2778840065002
