2026-05-06 16:02:59,132 [INFO] Train data : E:\1ADD\ADis_QSAR\multiclass_0506\Vary_params_results\30\ECFP4_512bits\Robust\30_train_vector.tsv
2026-05-06 16:02:59,133 [INFO] Valid data : E:\1ADD\ADis_QSAR\multiclass_0506\Vary_params_results\30\ECFP4_512bits\Robust\30_valid_vector.tsv
2026-05-06 16:02:59,133 [INFO] Output path : E:\1ADD\ADis_QSAR\multiclass_0506\Vary_params_results\30\ECFP4_512bits\Robust\30_model\SVM
2026-05-06 16:02:59,133 [INFO] Model type : SVM
2026-05-06 16:02:59,134 [INFO] Use cores : 19
2026-05-06 16:02:59,170 [INFO] Detected classes: [0, 1, 2] (n_classes=3)
2026-05-06 16:02:59,170 [INFO] Set parameters : {'kernel': ['linear', 'rbf'], 'C': [0.01, 0.1, 1, 10, 100, 1000], 'gamma': [0.01, 0.1, 1, 100, 1000], 'class_weight': [None, 'balanced']}
2026-05-06 16:05:02,079 [INFO] GridSearchCV results :
    mean_valid_accuracy  ...  mean_valid_auc_ovr_macro
0              0.426744  ...                  0.613440
40             0.426744  ...                  0.613440
78             0.426744  ...                  0.613440
76             0.426744  ...                  0.613440
74             0.426744  ...                  0.613440
..                  ...  ...                       ...
33             0.344450  ...                  0.500000
35             0.344450  ...                  0.500000
31             0.344450  ...                  0.507295
37             0.344450  ...                  0.500000
39             0.344450  ...                  0.500000

[120 rows x 5 columns]
2026-05-06 16:05:02,082 [INFO] Best model :
SVC(C=0.01, gamma=0.01, kernel='linear', probability=True, random_state=42)
2026-05-06 16:05:02,170 [INFO] {'Data': 'train', 'ACC': 1.0, 'Precision_macro': 1.0, 'Recall_macro': 1.0, 'F1_macro': 1.0, 'AUC_ovr_macro': 0.9751, 'AUC_class0': 0.9653, 'AUC_class1': 0.9867, 'AUC_class2': 0.9733}
2026-05-06 16:05:02,217 [INFO] {'Data': 'valid', 'ACC': 0.5963, 'Precision_macro': 0.5869, 'Recall_macro': 0.5866, 'F1_macro': 0.5858, 'AUC_ovr_macro': 0.7668, 'AUC_class0': 0.8203, 'AUC_class1': 0.6802, 'AUC_class2': 0.7999}
2026-05-06 16:05:02,289 [INFO] {'Data': 'test', 'ACC': 0.6, 'Precision_macro': 0.5891, 'Recall_macro': 0.59, 'F1_macro': 0.5895, 'AUC_ovr_macro': 0.7987, 'AUC_class0': 0.8627, 'AUC_class1': 0.6974, 'AUC_class2': 0.836}
2026-05-06 16:05:02,300 [INFO] Time : 123.1675157546997
