2026-05-06 16:31:50,641 [INFO] Train data : E:\1ADD\ADis_QSAR\multiclass_0506\Vary_params_results\30\ECFP4_512bits\Standard\30_train_vector.tsv
2026-05-06 16:31:50,641 [INFO] Valid data : E:\1ADD\ADis_QSAR\multiclass_0506\Vary_params_results\30\ECFP4_512bits\Standard\30_valid_vector.tsv
2026-05-06 16:31:50,642 [INFO] Output path : E:\1ADD\ADis_QSAR\multiclass_0506\Vary_params_results\30\ECFP4_512bits\Standard\30_model\MLP
2026-05-06 16:31:50,642 [INFO] Model type : MLP
2026-05-06 16:31:50,642 [INFO] Use cores : 19
2026-05-06 16:31:50,691 [INFO] Detected classes: [0, 1, 2] (n_classes=3)
2026-05-06 16:31:50,813 [INFO] Set parameters : {'mlp__hidden_layer_sizes': [(50,), (100,), (50, 50), (100, 100)], 'mlp__learning_rate': ['constant', 'invscaling', 'adaptive'], 'mlp__activation': ['relu', 'identity', 'logistic', 'tanh'], 'mlp__solver': ['adam', 'sgd', 'lbfgs'], 'mlp__alpha': [0.1, 0.01, 0.001], 'mlp__max_iter': [500, 1000], 'mlp__early_stopping': [True]}
2026-05-06 16:51:58,491 [INFO] GridSearchCV results :
     mean_valid_accuracy  ...  mean_valid_auc_ovr_macro
358             0.450000  ...                  0.580616
355             0.450000  ...                  0.580616
427             0.450000  ...                  0.580378
430             0.450000  ...                  0.580378
283             0.447674  ...                  0.580372
..                   ...  ...                       ...
529             0.278541  ...                  0.519138
640             0.278541  ...                  0.513121
532             0.278541  ...                  0.519138
460             0.278541  ...                  0.519138
568             0.278541  ...                  0.513121

[864 rows x 5 columns]
2026-05-06 16:51:58,498 [INFO] Best model :
Pipeline(steps=[('smote', SMOTE(random_state=42)),
                ('mlp',
                 MLPClassifier(activation='identity', alpha=0.01,
                               early_stopping=True,
                               hidden_layer_sizes=(100, 100),
                               learning_rate='adaptive', max_iter=500,
                               random_state=42, solver='sgd'))])
2026-05-06 16:51:58,539 [INFO] {'Data': 'train', 'ACC': 0.7215, 'Precision_macro': 0.7164, 'Recall_macro': 0.7164, 'F1_macro': 0.7154, 'AUC_ovr_macro': 0.8805, 'AUC_class0': 0.8898, 'AUC_class1': 0.8361, 'AUC_class2': 0.9156}
2026-05-06 16:51:58,577 [INFO] {'Data': 'valid', 'ACC': 0.5321, 'Precision_macro': 0.517, 'Recall_macro': 0.5178, 'F1_macro': 0.5168, 'AUC_ovr_macro': 0.717, 'AUC_class0': 0.7636, 'AUC_class1': 0.6477, 'AUC_class2': 0.7398}
2026-05-06 16:51:58,654 [INFO] {'Data': 'test', 'ACC': 0.5545, 'Precision_macro': 0.5553, 'Recall_macro': 0.5437, 'F1_macro': 0.5443, 'AUC_ovr_macro': 0.7098, 'AUC_class0': 0.8242, 'AUC_class1': 0.5447, 'AUC_class2': 0.7605}
2026-05-06 16:51:58,682 [INFO] Time : 1208.0409264564514
