2026-05-05 23:54:02,652 [INFO] Train data : E:\1ADD\ADis_QSAR\multiclass_0504\Vary_params_results\100\ECFP6_256bits\Standard\100_train_vector.tsv
2026-05-05 23:54:02,653 [INFO] Valid data : E:\1ADD\ADis_QSAR\multiclass_0504\Vary_params_results\100\ECFP6_256bits\Standard\100_valid_vector.tsv
2026-05-05 23:54:02,654 [INFO] Output path : E:\1ADD\ADis_QSAR\multiclass_0504\Vary_params_results\100\ECFP6_256bits\Standard\100_model\MLP
2026-05-05 23:54:02,654 [INFO] Model type : MLP
2026-05-05 23:54:02,654 [INFO] Use cores : 19
2026-05-05 23:54:02,680 [INFO] Detected classes: [0, 1, 2] (n_classes=3)
2026-05-05 23:54:02,795 [INFO] Set parameters : {'mlp__hidden_layer_sizes': [(50,), (100,), (50, 50), (100, 100)], 'mlp__learning_rate': ['constant', 'invscaling', 'adaptive'], 'mlp__activation': ['relu', 'identity', 'logistic', 'tanh'], 'mlp__solver': ['adam', 'sgd', 'lbfgs'], 'mlp__alpha': [0.1, 0.01, 0.001], 'mlp__max_iter': [500, 1000], 'mlp__early_stopping': [True]}
2026-05-06 00:06:37,670 [INFO] GridSearchCV results :
     mean_valid_accuracy  ...  mean_valid_auc_ovr_macro
465             0.473397  ...                  0.633106
462             0.473397  ...                  0.633106
450             0.473397  ...                  0.633106
453             0.473397  ...                  0.633106
459             0.473397  ...                  0.633106
..                   ...  ...                       ...
637             0.312051  ...                  0.473359
640             0.312051  ...                  0.473359
565             0.312051  ...                  0.473359
568             0.312051  ...                  0.473359
496             0.312051  ...                  0.473359

[864 rows x 5 columns]
2026-05-06 00:06:37,677 [INFO] Best model :
Pipeline(steps=[('smote', SMOTE(random_state=42)),
                ('mlp',
                 MLPClassifier(activation='logistic', alpha=0.1,
                               early_stopping=True, max_iter=500,
                               random_state=42))])
2026-05-06 00:06:37,711 [INFO] {'Data': 'train', 'ACC': 0.7417, 'Precision_macro': 0.7408, 'Recall_macro': 0.7469, 'F1_macro': 0.7415, 'AUC_ovr_macro': 0.8934, 'AUC_class0': 0.9039, 'AUC_class1': 0.853, 'AUC_class2': 0.9234}
2026-05-06 00:06:37,738 [INFO] {'Data': 'valid', 'ACC': 0.5464, 'Precision_macro': 0.5479, 'Recall_macro': 0.546, 'F1_macro': 0.5406, 'AUC_ovr_macro': 0.7562, 'AUC_class0': 0.804, 'AUC_class1': 0.6672, 'AUC_class2': 0.7974}
2026-05-06 00:06:37,781 [INFO] {'Data': 'test', 'ACC': 0.5657, 'Precision_macro': 0.5642, 'Recall_macro': 0.5759, 'F1_macro': 0.5603, 'AUC_ovr_macro': 0.7052, 'AUC_class0': 0.7251, 'AUC_class1': 0.5569, 'AUC_class2': 0.8335}
2026-05-06 00:06:37,800 [INFO] Time : 755.148722410202
