2026-05-05 15:26:57,001 [INFO] Train data : E:\1ADD\ADis_QSAR\multiclass_0504\Vary_params_results\100\ECFP4_512bits\Robust\100_train_vector.tsv
2026-05-05 15:26:57,001 [INFO] Valid data : E:\1ADD\ADis_QSAR\multiclass_0504\Vary_params_results\100\ECFP4_512bits\Robust\100_valid_vector.tsv
2026-05-05 15:26:57,001 [INFO] Output path : E:\1ADD\ADis_QSAR\multiclass_0504\Vary_params_results\100\ECFP4_512bits\Robust\100_model\MLP
2026-05-05 15:26:57,002 [INFO] Model type : MLP
2026-05-05 15:26:57,002 [INFO] Use cores : 19
2026-05-05 15:26:57,031 [INFO] Detected classes: [0, 1, 2] (n_classes=3)
2026-05-05 15:26:57,144 [INFO] Set parameters : {'mlp__hidden_layer_sizes': [(50,), (100,), (50, 50), (100, 100)], 'mlp__learning_rate': ['constant', 'invscaling', 'adaptive'], 'mlp__activation': ['relu', 'identity', 'logistic', 'tanh'], 'mlp__solver': ['adam', 'sgd', 'lbfgs'], 'mlp__alpha': [0.1, 0.01, 0.001], 'mlp__max_iter': [500, 1000], 'mlp__early_stopping': [True]}
2026-05-05 16:03:53,505 [INFO] GridSearchCV results :
     mean_valid_accuracy  ...  mean_valid_auc_ovr_macro
230             0.442628  ...                  0.600232
227             0.442628  ...                  0.600232
224             0.442628  ...                  0.600232
221             0.442628  ...                  0.600232
218             0.442628  ...                  0.600232
..                   ...  ...                       ...
475             0.421987  ...                  0.509828
619             0.421987  ...                  0.509828
547             0.421987  ...                  0.509828
550             0.421987  ...                  0.509828
622             0.421987  ...                  0.509828

[864 rows x 5 columns]
2026-05-05 16:03:53,524 [INFO] Best model :
Pipeline(steps=[('smote', SMOTE(random_state=42)),
                ('mlp',
                 MLPClassifier(activation='identity', alpha=0.1,
                               early_stopping=True, hidden_layer_sizes=(50,),
                               max_iter=500, random_state=42,
                               solver='lbfgs'))])
2026-05-05 16:03:53,570 [INFO] {'Data': 'train', 'ACC': 1.0, 'Precision_macro': 1.0, 'Recall_macro': 1.0, 'F1_macro': 1.0, 'AUC_ovr_macro': 1.0, 'AUC_class0': 1.0, 'AUC_class1': 1.0, 'AUC_class2': 1.0}
2026-05-05 16:03:53,603 [INFO] {'Data': 'valid', 'ACC': 0.7216, 'Precision_macro': 0.7112, 'Recall_macro': 0.7149, 'F1_macro': 0.7126, 'AUC_ovr_macro': 0.8487, 'AUC_class0': 0.8859, 'AUC_class1': 0.7522, 'AUC_class2': 0.9079}
2026-05-05 16:03:53,693 [INFO] {'Data': 'test', 'ACC': 0.5859, 'Precision_macro': 0.5767, 'Recall_macro': 0.5779, 'F1_macro': 0.577, 'AUC_ovr_macro': 0.7709, 'AUC_class0': 0.821, 'AUC_class1': 0.6134, 'AUC_class2': 0.8783}
2026-05-05 16:03:53,720 [INFO] Time : 2216.718382835388
