2026-05-06 18:37:33,277 [INFO] Train data : E:\1ADD\ADis_QSAR\multiclass_0506\Vary_params_results\30\ECFP6_512bits\Standard\30_train_vector.tsv
2026-05-06 18:37:33,278 [INFO] Valid data : E:\1ADD\ADis_QSAR\multiclass_0506\Vary_params_results\30\ECFP6_512bits\Standard\30_valid_vector.tsv
2026-05-06 18:37:33,278 [INFO] Output path : E:\1ADD\ADis_QSAR\multiclass_0506\Vary_params_results\30\ECFP6_512bits\Standard\30_model\MLP
2026-05-06 18:37:33,278 [INFO] Model type : MLP
2026-05-06 18:37:33,278 [INFO] Use cores : 19
2026-05-06 18:37:33,328 [INFO] Detected classes: [0, 1, 2] (n_classes=3)
2026-05-06 18:37:33,446 [INFO] Set parameters : {'mlp__hidden_layer_sizes': [(50,), (100,), (50, 50), (100, 100)], 'mlp__learning_rate': ['constant', 'invscaling', 'adaptive'], 'mlp__activation': ['relu', 'identity', 'logistic', 'tanh'], 'mlp__solver': ['adam', 'sgd', 'lbfgs'], 'mlp__alpha': [0.1, 0.01, 0.001], 'mlp__max_iter': [500, 1000], 'mlp__early_stopping': [True]}
2026-05-06 18:55:51,442 [INFO] GridSearchCV results :
     mean_valid_accuracy  ...  mean_valid_auc_ovr_macro
74              0.458827  ...                  0.614800
77              0.458827  ...                  0.614800
89              0.458827  ...                  0.614800
86              0.458827  ...                  0.614800
83              0.458827  ...                  0.614800
..                   ...  ...                       ...
637             0.278541  ...                  0.527951
568             0.278541  ...                  0.527951
532             0.278541  ...                  0.507317
529             0.278541  ...                  0.507317
601             0.278541  ...                  0.507317

[864 rows x 5 columns]
2026-05-06 18:55:51,449 [INFO] Best model :
Pipeline(steps=[('smote', SMOTE(random_state=42)),
                ('mlp',
                 MLPClassifier(alpha=0.01, early_stopping=True,
                               hidden_layer_sizes=(50,), max_iter=500,
                               random_state=42, solver='lbfgs'))])
2026-05-06 18:55:51,490 [INFO] {'Data': 'train', 'ACC': 1.0, 'Precision_macro': 1.0, 'Recall_macro': 1.0, 'F1_macro': 1.0, 'AUC_ovr_macro': 1.0, 'AUC_class0': 1.0, 'AUC_class1': 1.0, 'AUC_class2': 1.0}
2026-05-06 18:55:51,527 [INFO] {'Data': 'valid', 'ACC': 0.7064, 'Precision_macro': 0.7061, 'Recall_macro': 0.704, 'F1_macro': 0.7012, 'AUC_ovr_macro': 0.8385, 'AUC_class0': 0.8763, 'AUC_class1': 0.7831, 'AUC_class2': 0.8562}
2026-05-06 18:55:51,601 [INFO] {'Data': 'test', 'ACC': 0.6818, 'Precision_macro': 0.6713, 'Recall_macro': 0.6679, 'F1_macro': 0.6643, 'AUC_ovr_macro': 0.8021, 'AUC_class0': 0.8761, 'AUC_class1': 0.6713, 'AUC_class2': 0.8589}
2026-05-06 18:55:51,622 [INFO] Time : 1098.345814704895
