2026-05-06 16:54:05,448 [INFO] Train data : E:\1ADD\ADis_QSAR\multiclass_0506\Vary_params_results\30\ECFP4_512bits\MinMax\30_train_vector.tsv
2026-05-06 16:54:05,449 [INFO] Valid data : E:\1ADD\ADis_QSAR\multiclass_0506\Vary_params_results\30\ECFP4_512bits\MinMax\30_valid_vector.tsv
2026-05-06 16:54:05,449 [INFO] Output path : E:\1ADD\ADis_QSAR\multiclass_0506\Vary_params_results\30\ECFP4_512bits\MinMax\30_model\MLP
2026-05-06 16:54:05,450 [INFO] Model type : MLP
2026-05-06 16:54:05,450 [INFO] Use cores : 19
2026-05-06 16:54:05,478 [INFO] Detected classes: [0, 1, 2] (n_classes=3)
2026-05-06 16:54:05,600 [INFO] Set parameters : {'mlp__hidden_layer_sizes': [(50,), (100,), (50, 50), (100, 100)], 'mlp__learning_rate': ['constant', 'invscaling', 'adaptive'], 'mlp__activation': ['relu', 'identity', 'logistic', 'tanh'], 'mlp__solver': ['adam', 'sgd', 'lbfgs'], 'mlp__alpha': [0.1, 0.01, 0.001], 'mlp__max_iter': [500, 1000], 'mlp__early_stopping': [True]}
2026-05-06 17:21:01,847 [INFO] GridSearchCV results :
     mean_valid_accuracy  ...  mean_valid_auc_ovr_macro
96              0.458827  ...                  0.613252
99              0.458827  ...                  0.613252
102             0.458827  ...                  0.613252
105             0.458827  ...                  0.613252
90              0.458827  ...                  0.613252
..                   ...  ...                       ...
496             0.278541  ...                  0.544392
433             0.278541  ...                  0.493289
565             0.278541  ...                  0.544392
604             0.278541  ...                  0.483928
460             0.278541  ...                  0.483928

[864 rows x 5 columns]
2026-05-06 17:21:01,854 [INFO] Best model :
Pipeline(steps=[('smote', SMOTE(random_state=42)),
                ('mlp',
                 MLPClassifier(alpha=0.01, early_stopping=True, max_iter=500,
                               random_state=42))])
2026-05-06 17:21:01,895 [INFO] {'Data': 'train', 'ACC': 0.6393, 'Precision_macro': 0.6531, 'Recall_macro': 0.6451, 'F1_macro': 0.6382, 'AUC_ovr_macro': 0.8144, 'AUC_class0': 0.8244, 'AUC_class1': 0.8004, 'AUC_class2': 0.8182}
2026-05-06 17:21:01,930 [INFO] {'Data': 'valid', 'ACC': 0.5229, 'Precision_macro': 0.5486, 'Recall_macro': 0.5335, 'F1_macro': 0.5226, 'AUC_ovr_macro': 0.6795, 'AUC_class0': 0.7048, 'AUC_class1': 0.6198, 'AUC_class2': 0.7139}
2026-05-06 17:21:01,990 [INFO] {'Data': 'test', 'ACC': 0.3727, 'Precision_macro': 0.382, 'Recall_macro': 0.3726, 'F1_macro': 0.354, 'AUC_ovr_macro': 0.5978, 'AUC_class0': 0.6457, 'AUC_class1': 0.4994, 'AUC_class2': 0.6483}
2026-05-06 17:21:02,014 [INFO] Time : 1616.5649735927582
