2026-05-06 13:54:25,670 [INFO] Train data : E:\1ADD\ADis_QSAR\multiclass_0506\Vary_params_results\30\ECFP2_512bits\Standard\30_train_vector.tsv
2026-05-06 13:54:25,671 [INFO] Valid data : E:\1ADD\ADis_QSAR\multiclass_0506\Vary_params_results\30\ECFP2_512bits\Standard\30_valid_vector.tsv
2026-05-06 13:54:25,671 [INFO] Output path : E:\1ADD\ADis_QSAR\multiclass_0506\Vary_params_results\30\ECFP2_512bits\Standard\30_model\MLP
2026-05-06 13:54:25,672 [INFO] Model type : MLP
2026-05-06 13:54:25,672 [INFO] Use cores : 19
2026-05-06 13:54:25,721 [INFO] Detected classes: [0, 1, 2] (n_classes=3)
2026-05-06 13:54:25,849 [INFO] Set parameters : {'mlp__hidden_layer_sizes': [(50,), (100,), (50, 50), (100, 100)], 'mlp__learning_rate': ['constant', 'invscaling', 'adaptive'], 'mlp__activation': ['relu', 'identity', 'logistic', 'tanh'], 'mlp__solver': ['adam', 'sgd', 'lbfgs'], 'mlp__alpha': [0.1, 0.01, 0.001], 'mlp__max_iter': [500, 1000], 'mlp__early_stopping': [True]}
2026-05-06 14:19:16,059 [INFO] GridSearchCV results :
     mean_valid_accuracy  ...  mean_valid_auc_ovr_macro
427             0.465645  ...                  0.624919
430             0.465645  ...                  0.624919
283             0.465592  ...                  0.625149
286             0.465592  ...                  0.625149
358             0.463319  ...                  0.624995
..                   ...  ...                       ...
496             0.278541  ...                  0.529764
493             0.278541  ...                  0.529764
457             0.278541  ...                  0.484605
601             0.278541  ...                  0.484605
637             0.278541  ...                  0.529674

[864 rows x 5 columns]
2026-05-06 14:19:16,066 [INFO] Best model :
Pipeline(steps=[('smote', SMOTE(random_state=42)),
                ('mlp',
                 MLPClassifier(activation='identity', alpha=0.001,
                               early_stopping=True,
                               hidden_layer_sizes=(100, 100),
                               learning_rate='adaptive', max_iter=500,
                               random_state=42, solver='sgd'))])
2026-05-06 14:19:16,105 [INFO] {'Data': 'train', 'ACC': 0.5639, 'Precision_macro': 0.5735, 'Recall_macro': 0.5645, 'F1_macro': 0.5626, 'AUC_ovr_macro': 0.7482, 'AUC_class0': 0.7711, 'AUC_class1': 0.6981, 'AUC_class2': 0.7753}
2026-05-06 14:19:16,140 [INFO] {'Data': 'valid', 'ACC': 0.5229, 'Precision_macro': 0.5244, 'Recall_macro': 0.5116, 'F1_macro': 0.5137, 'AUC_ovr_macro': 0.6889, 'AUC_class0': 0.769, 'AUC_class1': 0.5743, 'AUC_class2': 0.7235}
2026-05-06 14:19:16,204 [INFO] {'Data': 'test', 'ACC': 0.4636, 'Precision_macro': 0.4974, 'Recall_macro': 0.4572, 'F1_macro': 0.4627, 'AUC_ovr_macro': 0.6014, 'AUC_class0': 0.6961, 'AUC_class1': 0.4953, 'AUC_class2': 0.6127}
2026-05-06 14:19:16,227 [INFO] Time : 1490.5574209690094
