2026-05-07 07:45:10,540 [INFO] Train data : E:\1ADD\ADis_QSAR\multiclass_0506\Vary_params_results\80\ECFP2_512bits\Robust\80_train_vector.tsv
2026-05-07 07:45:10,540 [INFO] Valid data : E:\1ADD\ADis_QSAR\multiclass_0506\Vary_params_results\80\ECFP2_512bits\Robust\80_valid_vector.tsv
2026-05-07 07:45:10,541 [INFO] Output path : E:\1ADD\ADis_QSAR\multiclass_0506\Vary_params_results\80\ECFP2_512bits\Robust\80_model\MLP
2026-05-07 07:45:10,541 [INFO] Model type : MLP
2026-05-07 07:45:10,541 [INFO] Use cores : 19
2026-05-07 07:45:10,568 [INFO] Detected classes: [0, 1, 2] (n_classes=3)
2026-05-07 07:45:10,680 [INFO] Set parameters : {'mlp__hidden_layer_sizes': [(50,), (100,), (50, 50), (100, 100)], 'mlp__learning_rate': ['constant', 'invscaling', 'adaptive'], 'mlp__activation': ['relu', 'identity', 'logistic', 'tanh'], 'mlp__solver': ['adam', 'sgd', 'lbfgs'], 'mlp__alpha': [0.1, 0.01, 0.001], 'mlp__max_iter': [500, 1000], 'mlp__early_stopping': [True]}
2026-05-07 09:51:07,275 [INFO] GridSearchCV results :
     mean_valid_accuracy  ...  mean_valid_auc_ovr_macro
448             0.441280  ...                  0.599818
445             0.441280  ...                  0.599818
589             0.441280  ...                  0.598470
592             0.441280  ...                  0.598470
520             0.441280  ...                  0.598371
..                   ...  ...                       ...
622             0.408354  ...                  0.493074
475             0.408354  ...                  0.493074
550             0.408354  ...                  0.493074
547             0.408354  ...                  0.493074
478             0.408354  ...                  0.493074

[864 rows x 5 columns]
2026-05-07 09:51:07,284 [INFO] Best model :
Pipeline(steps=[('smote', SMOTE(random_state=42)),
                ('mlp',
                 MLPClassifier(activation='logistic', alpha=0.1,
                               early_stopping=True, hidden_layer_sizes=(50,),
                               learning_rate='adaptive', max_iter=500,
                               random_state=42, solver='sgd'))])
2026-05-07 09:51:07,323 [INFO] {'Data': 'train', 'ACC': 0.6559, 'Precision_macro': 0.6545, 'Recall_macro': 0.6563, 'F1_macro': 0.6525, 'AUC_ovr_macro': 0.8387, 'AUC_class0': 0.8535, 'AUC_class1': 0.8119, 'AUC_class2': 0.8508}
2026-05-07 09:51:07,355 [INFO] {'Data': 'valid', 'ACC': 0.54, 'Precision_macro': 0.5492, 'Recall_macro': 0.5413, 'F1_macro': 0.5377, 'AUC_ovr_macro': 0.7334, 'AUC_class0': 0.795, 'AUC_class1': 0.6262, 'AUC_class2': 0.779}
2026-05-07 09:51:07,407 [INFO] {'Data': 'test', 'ACC': 0.466, 'Precision_macro': 0.4859, 'Recall_macro': 0.4754, 'F1_macro': 0.4615, 'AUC_ovr_macro': 0.6814, 'AUC_class0': 0.74, 'AUC_class1': 0.5143, 'AUC_class2': 0.79}
2026-05-07 09:51:07,426 [INFO] Time : 7556.886249780655
