2026-05-06 17:22:42,443 [INFO] Train data : E:\1ADD\ADis_QSAR\multiclass_0506\Vary_params_results\30\ECFP6_256bits\Robust\30_train_vector.tsv
2026-05-06 17:22:42,443 [INFO] Valid data : E:\1ADD\ADis_QSAR\multiclass_0506\Vary_params_results\30\ECFP6_256bits\Robust\30_valid_vector.tsv
2026-05-06 17:22:42,443 [INFO] Output path : E:\1ADD\ADis_QSAR\multiclass_0506\Vary_params_results\30\ECFP6_256bits\Robust\30_model\MLP
2026-05-06 17:22:42,443 [INFO] Model type : MLP
2026-05-06 17:22:42,444 [INFO] Use cores : 19
2026-05-06 17:22:42,460 [INFO] Detected classes: [0, 1, 2] (n_classes=3)
2026-05-06 17:22:42,585 [INFO] Set parameters : {'mlp__hidden_layer_sizes': [(50,), (100,), (50, 50), (100, 100)], 'mlp__learning_rate': ['constant', 'invscaling', 'adaptive'], 'mlp__activation': ['relu', 'identity', 'logistic', 'tanh'], 'mlp__solver': ['adam', 'sgd', 'lbfgs'], 'mlp__alpha': [0.1, 0.01, 0.001], 'mlp__max_iter': [500, 1000], 'mlp__early_stopping': [True]}
2026-05-06 17:39:00,622 [INFO] GridSearchCV results :
     mean_valid_accuracy  ...  mean_valid_auc_ovr_macro
522             0.473044  ...                  0.635147
537             0.473044  ...                  0.635147
528             0.473044  ...                  0.635147
531             0.473044  ...                  0.635147
525             0.473044  ...                  0.635147
..                   ...  ...                       ...
640             0.278541  ...                  0.512657
637             0.278541  ...                  0.512657
496             0.278541  ...                  0.512657
568             0.278541  ...                  0.512657
565             0.278541  ...                  0.512657

[864 rows x 5 columns]
2026-05-06 17:39:00,628 [INFO] Best model :
Pipeline(steps=[('smote', SMOTE(random_state=42)),
                ('mlp',
                 MLPClassifier(activation='logistic', alpha=0.01,
                               early_stopping=True, max_iter=500,
                               random_state=42))])
2026-05-06 17:39:00,661 [INFO] {'Data': 'train', 'ACC': 0.8699, 'Precision_macro': 0.8663, 'Recall_macro': 0.8678, 'F1_macro': 0.8667, 'AUC_ovr_macro': 0.9513, 'AUC_class0': 0.9464, 'AUC_class1': 0.9424, 'AUC_class2': 0.9651}
2026-05-06 17:39:00,691 [INFO] {'Data': 'valid', 'ACC': 0.5596, 'Precision_macro': 0.5593, 'Recall_macro': 0.5488, 'F1_macro': 0.5519, 'AUC_ovr_macro': 0.7113, 'AUC_class0': 0.7776, 'AUC_class1': 0.6017, 'AUC_class2': 0.7546}
2026-05-06 17:39:00,736 [INFO] {'Data': 'test', 'ACC': 0.4909, 'Precision_macro': 0.51, 'Recall_macro': 0.4831, 'F1_macro': 0.4876, 'AUC_ovr_macro': 0.6553, 'AUC_class0': 0.7724, 'AUC_class1': 0.4745, 'AUC_class2': 0.719}
2026-05-06 17:39:00,757 [INFO] Time : 978.3149857521057
