2026-05-06 16:29:45,702 [INFO] Train data : E:\1ADD\ADis_QSAR\multiclass_0506\Vary_params_results\30\ECFP4_512bits\Standard\30_train_vector.tsv
2026-05-06 16:29:45,703 [INFO] Valid data : E:\1ADD\ADis_QSAR\multiclass_0506\Vary_params_results\30\ECFP4_512bits\Standard\30_valid_vector.tsv
2026-05-06 16:29:45,703 [INFO] Output path : E:\1ADD\ADis_QSAR\multiclass_0506\Vary_params_results\30\ECFP4_512bits\Standard\30_model\SVM
2026-05-06 16:29:45,703 [INFO] Model type : SVM
2026-05-06 16:29:45,703 [INFO] Use cores : 19
2026-05-06 16:29:45,753 [INFO] Detected classes: [0, 1, 2] (n_classes=3)
2026-05-06 16:29:45,754 [INFO] Set parameters : {'kernel': ['linear', 'rbf'], 'C': [0.01, 0.1, 1, 10, 100, 1000], 'gamma': [0.01, 0.1, 1, 100, 1000], 'class_weight': [None, 'balanced']}
2026-05-06 16:31:48,460 [INFO] GridSearchCV results :
    mean_valid_accuracy  ...  mean_valid_auc_ovr_macro
60             0.445032  ...                  0.604776
40             0.445032  ...                  0.604776
78             0.445032  ...                  0.604776
76             0.445032  ...                  0.604776
74             0.445032  ...                  0.604776
..                  ...  ...                       ...
31             0.344450  ...                  0.424501
33             0.344450  ...                  0.469158
35             0.344450  ...                  0.500000
39             0.344450  ...                  0.500000
37             0.344450  ...                  0.500000

[120 rows x 5 columns]
2026-05-06 16:31:48,464 [INFO] Best model :
SVC(C=1, gamma=0.01, kernel='linear', probability=True, random_state=42)
2026-05-06 16:31:48,569 [INFO] {'Data': 'train', 'ACC': 1.0, 'Precision_macro': 1.0, 'Recall_macro': 1.0, 'F1_macro': 1.0, 'AUC_ovr_macro': 0.9814, 'AUC_class0': 0.9788, 'AUC_class1': 0.9938, 'AUC_class2': 0.9716}
2026-05-06 16:31:48,596 [INFO] {'Data': 'valid', 'ACC': 0.6606, 'Precision_macro': 0.6481, 'Recall_macro': 0.6485, 'F1_macro': 0.648, 'AUC_ovr_macro': 0.796, 'AUC_class0': 0.8278, 'AUC_class1': 0.7346, 'AUC_class2': 0.8254}
2026-05-06 16:31:48,641 [INFO] {'Data': 'test', 'ACC': 0.5818, 'Precision_macro': 0.5757, 'Recall_macro': 0.5759, 'F1_macro': 0.5753, 'AUC_ovr_macro': 0.7626, 'AUC_class0': 0.8078, 'AUC_class1': 0.6938, 'AUC_class2': 0.7864}
2026-05-06 16:31:48,647 [INFO] Time : 122.94571185112
