2026-05-04 22:31:19,738 [INFO] Train data : E:\1ADD\ADis_QSAR\multiclass_0504\Vary_params_results\100\ECFP2_256bits\MinMax\100_train_vector.tsv
2026-05-04 22:31:19,738 [INFO] Valid data : E:\1ADD\ADis_QSAR\multiclass_0504\Vary_params_results\100\ECFP2_256bits\MinMax\100_valid_vector.tsv
2026-05-04 22:31:19,741 [INFO] Output path : E:\1ADD\ADis_QSAR\multiclass_0504\Vary_params_results\100\ECFP2_256bits\MinMax\100_model\MLP
2026-05-04 22:31:19,741 [INFO] Model type : MLP
2026-05-04 22:31:19,741 [INFO] Use cores : 19
2026-05-04 22:31:19,757 [INFO] Detected classes: [0, 1, 2] (n_classes=3)
2026-05-04 22:31:19,878 [INFO] Set parameters : {'mlp__hidden_layer_sizes': [(50,), (100,), (50, 50), (100, 100)], 'mlp__learning_rate': ['constant', 'invscaling', 'adaptive'], 'mlp__activation': ['relu', 'identity', 'logistic', 'tanh'], 'mlp__solver': ['adam', 'sgd', 'lbfgs'], 'mlp__alpha': [0.1, 0.01, 0.001], 'mlp__max_iter': [500, 1000], 'mlp__early_stopping': [True]}
2026-05-04 23:03:53,625 [INFO] GridSearchCV results :
     mean_valid_accuracy  ...  mean_valid_auc_ovr_macro
282             0.491474  ...                  0.663215
270             0.491474  ...                  0.663215
279             0.491474  ...                  0.663215
276             0.491474  ...                  0.663215
285             0.491474  ...                  0.663215
..                   ...  ...                       ...
457             0.265962  ...                  0.489063
529             0.265962  ...                  0.489063
532             0.265962  ...                  0.489063
601             0.265962  ...                  0.489063
460             0.265962  ...                  0.489063

[864 rows x 5 columns]
2026-05-04 23:03:53,634 [INFO] Best model :
Pipeline(steps=[('smote', SMOTE(random_state=42)),
                ('mlp',
                 MLPClassifier(activation='identity', alpha=0.1,
                               early_stopping=True,
                               hidden_layer_sizes=(100, 100), max_iter=500,
                               random_state=42))])
2026-05-04 23:03:53,683 [INFO] {'Data': 'train', 'ACC': 0.7801, 'Precision_macro': 0.7763, 'Recall_macro': 0.7848, 'F1_macro': 0.779, 'AUC_ovr_macro': 0.8999, 'AUC_class0': 0.9019, 'AUC_class1': 0.8682, 'AUC_class2': 0.9295}
2026-05-04 23:03:53,721 [INFO] {'Data': 'valid', 'ACC': 0.6289, 'Precision_macro': 0.618, 'Recall_macro': 0.6204, 'F1_macro': 0.616, 'AUC_ovr_macro': 0.7995, 'AUC_class0': 0.8419, 'AUC_class1': 0.7119, 'AUC_class2': 0.8445}
2026-05-04 23:03:53,775 [INFO] {'Data': 'test', 'ACC': 0.6162, 'Precision_macro': 0.6188, 'Recall_macro': 0.6297, 'F1_macro': 0.6219, 'AUC_ovr_macro': 0.7779, 'AUC_class0': 0.7799, 'AUC_class1': 0.6765, 'AUC_class2': 0.8772}
2026-05-04 23:03:53,805 [INFO] Time : 1954.0675132274628
