2026-05-07 01:54:06,672 [INFO] Train data : E:\1ADD\ADis_QSAR\multiclass_0506\Vary_params_results\50\ECFP4_512bits\Robust\50_train_vector.tsv
2026-05-07 01:54:06,673 [INFO] Valid data : E:\1ADD\ADis_QSAR\multiclass_0506\Vary_params_results\50\ECFP4_512bits\Robust\50_valid_vector.tsv
2026-05-07 01:54:06,673 [INFO] Output path : E:\1ADD\ADis_QSAR\multiclass_0506\Vary_params_results\50\ECFP4_512bits\Robust\50_model\MLP
2026-05-07 01:54:06,673 [INFO] Model type : MLP
2026-05-07 01:54:06,674 [INFO] Use cores : 19
2026-05-07 01:54:06,701 [INFO] Detected classes: [0, 1, 2] (n_classes=3)
2026-05-07 01:54:06,813 [INFO] Set parameters : {'mlp__hidden_layer_sizes': [(50,), (100,), (50, 50), (100, 100)], 'mlp__learning_rate': ['constant', 'invscaling', 'adaptive'], 'mlp__activation': ['relu', 'identity', 'logistic', 'tanh'], 'mlp__solver': ['adam', 'sgd', 'lbfgs'], 'mlp__alpha': [0.1, 0.01, 0.001], 'mlp__max_iter': [500, 1000], 'mlp__early_stopping': [True]}
2026-05-07 02:33:07,109 [INFO] GridSearchCV results :
     mean_valid_accuracy  ...  mean_valid_auc_ovr_macro
450             0.455039  ...                  0.599218
453             0.455039  ...                  0.599218
456             0.455039  ...                  0.599218
459             0.455039  ...                  0.599218
462             0.455039  ...                  0.599218
..                   ...  ...                       ...
475             0.389092  ...                  0.507877
619             0.389092  ...                  0.507877
550             0.389092  ...                  0.507877
622             0.389092  ...                  0.507877
547             0.389092  ...                  0.507877

[864 rows x 5 columns]
2026-05-07 02:33:07,116 [INFO] Best model :
Pipeline(steps=[('smote', SMOTE(random_state=42)),
                ('mlp',
                 MLPClassifier(activation='logistic', alpha=0.1,
                               early_stopping=True, max_iter=500,
                               random_state=42))])
2026-05-07 02:33:07,150 [INFO] {'Data': 'train', 'ACC': 0.9151, 'Precision_macro': 0.9121, 'Recall_macro': 0.916, 'F1_macro': 0.9133, 'AUC_ovr_macro': 0.9685, 'AUC_class0': 0.9649, 'AUC_class1': 0.9636, 'AUC_class2': 0.9769}
2026-05-07 02:33:16,487 [INFO] {'Data': 'valid', 'ACC': 0.619, 'Precision_macro': 0.6376, 'Recall_macro': 0.6189, 'F1_macro': 0.6183, 'AUC_ovr_macro': 0.8007, 'AUC_class0': 0.878, 'AUC_class1': 0.7209, 'AUC_class2': 0.8032}
2026-05-07 02:33:16,537 [INFO] {'Data': 'test', 'ACC': 0.6111, 'Precision_macro': 0.6193, 'Recall_macro': 0.6205, 'F1_macro': 0.6042, 'AUC_ovr_macro': 0.7927, 'AUC_class0': 0.8384, 'AUC_class1': 0.7026, 'AUC_class2': 0.8372}
2026-05-07 02:33:16,554 [INFO] Time : 2349.8826081752777
