2026-05-07 04:03:47,418 [INFO] Train data : E:\1ADD\ADis_QSAR\multiclass_0506\Vary_params_results\50\ECFP6_256bits\MinMax\50_train_vector.tsv
2026-05-07 04:03:47,418 [INFO] Valid data : E:\1ADD\ADis_QSAR\multiclass_0506\Vary_params_results\50\ECFP6_256bits\MinMax\50_valid_vector.tsv
2026-05-07 04:03:47,419 [INFO] Output path : E:\1ADD\ADis_QSAR\multiclass_0506\Vary_params_results\50\ECFP6_256bits\MinMax\50_model\SVM
2026-05-07 04:03:47,420 [INFO] Model type : SVM
2026-05-07 04:03:47,420 [INFO] Use cores : 19
2026-05-07 04:03:47,437 [INFO] Detected classes: [0, 1, 2] (n_classes=3)
2026-05-07 04:03:47,437 [INFO] Set parameters : {'kernel': ['linear', 'rbf'], 'C': [0.01, 0.1, 1, 10, 100, 1000], 'gamma': [0.01, 0.1, 1, 100, 1000], 'class_weight': [None, 'balanced']}
2026-05-07 04:04:47,575 [INFO] GridSearchCV results :
    mean_valid_accuracy  ...  mean_valid_auc_ovr_macro
51             0.479014  ...                  0.667344
53             0.474142  ...                  0.658765
12             0.453101  ...                  0.657923
16             0.453101  ...                  0.657923
10             0.453101  ...                  0.657923
..                  ...  ...                       ...
17             0.360520  ...                  0.500000
19             0.360520  ...                  0.500000
37             0.360520  ...                  0.500000
35             0.360520  ...                  0.525249
33             0.360520  ...                  0.352467

[120 rows x 5 columns]
2026-05-07 04:04:47,584 [INFO] Best model :
SVC(C=1, class_weight='balanced', gamma=0.01, probability=True, random_state=42)
2026-05-07 04:04:47,775 [INFO] {'Data': 'train', 'ACC': 0.6651, 'Precision_macro': 0.672, 'Recall_macro': 0.6716, 'F1_macro': 0.6649, 'AUC_ovr_macro': 0.8614, 'AUC_class0': 0.8634, 'AUC_class1': 0.836, 'AUC_class2': 0.8849}
2026-05-07 04:04:47,841 [INFO] {'Data': 'valid', 'ACC': 0.6095, 'Precision_macro': 0.6368, 'Recall_macro': 0.6091, 'F1_macro': 0.6102, 'AUC_ovr_macro': 0.7748, 'AUC_class0': 0.8338, 'AUC_class1': 0.7004, 'AUC_class2': 0.79}
2026-05-07 04:04:47,892 [INFO] {'Data': 'test', 'ACC': 0.5556, 'Precision_macro': 0.5977, 'Recall_macro': 0.5586, 'F1_macro': 0.5593, 'AUC_ovr_macro': 0.7702, 'AUC_class0': 0.8294, 'AUC_class1': 0.6322, 'AUC_class2': 0.8489}
2026-05-07 04:04:47,900 [INFO] Time : 60.48197388648987
