2026-05-06 00:06:40,582 [INFO] Train data : E:\1ADD\ADis_QSAR\multiclass_0504\Vary_params_results\100\ECFP6_256bits\MinMax\100_train_vector.tsv
2026-05-06 00:06:40,583 [INFO] Valid data : E:\1ADD\ADis_QSAR\multiclass_0504\Vary_params_results\100\ECFP6_256bits\MinMax\100_valid_vector.tsv
2026-05-06 00:06:40,584 [INFO] Output path : E:\1ADD\ADis_QSAR\multiclass_0504\Vary_params_results\100\ECFP6_256bits\MinMax\100_model\RF
2026-05-06 00:06:40,585 [INFO] Model type : RF
2026-05-06 00:06:40,585 [INFO] Use cores : 19
2026-05-06 00:06:40,601 [INFO] Detected classes: [0, 1, 2] (n_classes=3)
2026-05-06 00:06:40,601 [INFO] Set parameters : {'max_depth': [6, 8, 10, 12], 'max_features': ['sqrt', 'log2'], 'min_samples_leaf': [2, 4, 8, 10], 'min_samples_split': [2, 4, 8, 10], 'n_estimators': [200, 600, 1000]}
2026-05-06 00:26:36,793 [INFO] GridSearchCV results :
     mean_valid_accuracy  ...  mean_valid_auc_ovr_macro
156             0.506859  ...                  0.668214
159             0.506859  ...                  0.668214
162             0.506859  ...                  0.668214
366             0.504359  ...                  0.685461
363             0.504359  ...                  0.685461
..                   ...  ...                       ...
336             0.470962  ...                  0.661823
195             0.463590  ...                  0.659303
192             0.463590  ...                  0.659303
197             0.460833  ...                  0.656752
194             0.460833  ...                  0.656752

[384 rows x 5 columns]
2026-05-06 00:26:36,800 [INFO] Best model :
RandomForestClassifier(class_weight='balanced', max_depth=8,
                       max_features='log2', min_samples_leaf=4,
                       n_estimators=200, random_state=42)
2026-05-06 00:26:36,888 [INFO] {'Data': 'train', 'ACC': 0.798, 'Precision_macro': 0.7953, 'Recall_macro': 0.7953, 'F1_macro': 0.7921, 'AUC_ovr_macro': 0.9235, 'AUC_class0': 0.9162, 'AUC_class1': 0.9147, 'AUC_class2': 0.9397}
2026-05-06 00:26:36,956 [INFO] {'Data': 'valid', 'ACC': 0.6186, 'Precision_macro': 0.6109, 'Recall_macro': 0.6187, 'F1_macro': 0.6082, 'AUC_ovr_macro': 0.7844, 'AUC_class0': 0.8214, 'AUC_class1': 0.7214, 'AUC_class2': 0.8104}
2026-05-06 00:26:37,038 [INFO] {'Data': 'test', 'ACC': 0.5455, 'Precision_macro': 0.5339, 'Recall_macro': 0.5454, 'F1_macro': 0.536, 'AUC_ovr_macro': 0.7445, 'AUC_class0': 0.7544, 'AUC_class1': 0.6499, 'AUC_class2': 0.8293}
2026-05-06 00:26:37,165 [INFO] Time : 1196.5825700759888
