2026-05-06 15:42:11,320 [INFO] Train data : E:\1ADD\ADis_QSAR\multiclass_0506\Vary_params_results\30\ECFP4_256bits\MinMax\30_train_vector.tsv
2026-05-06 15:42:11,321 [INFO] Valid data : E:\1ADD\ADis_QSAR\multiclass_0506\Vary_params_results\30\ECFP4_256bits\MinMax\30_valid_vector.tsv
2026-05-06 15:42:11,321 [INFO] Output path : E:\1ADD\ADis_QSAR\multiclass_0506\Vary_params_results\30\ECFP4_256bits\MinMax\30_model\MLP
2026-05-06 15:42:11,321 [INFO] Model type : MLP
2026-05-06 15:42:11,321 [INFO] Use cores : 19
2026-05-06 15:42:11,339 [INFO] Detected classes: [0, 1, 2] (n_classes=3)
2026-05-06 15:42:11,468 [INFO] Set parameters : {'mlp__hidden_layer_sizes': [(50,), (100,), (50, 50), (100, 100)], 'mlp__learning_rate': ['constant', 'invscaling', 'adaptive'], 'mlp__activation': ['relu', 'identity', 'logistic', 'tanh'], 'mlp__solver': ['adam', 'sgd', 'lbfgs'], 'mlp__alpha': [0.1, 0.01, 0.001], 'mlp__max_iter': [500, 1000], 'mlp__early_stopping': [True]}
2026-05-06 16:02:21,838 [INFO] GridSearchCV results :
     mean_valid_accuracy  ...  mean_valid_auc_ovr_macro
318             0.481871  ...                  0.631840
321             0.481871  ...                  0.631840
315             0.481871  ...                  0.631840
312             0.481871  ...                  0.631840
309             0.481871  ...                  0.631840
..                   ...  ...                       ...
490             0.278541  ...                  0.471018
559             0.278541  ...                  0.471018
487             0.278541  ...                  0.471018
568             0.278541  ...                  0.471018
493             0.278541  ...                  0.471018

[864 rows x 5 columns]
2026-05-06 16:02:21,844 [INFO] Best model :
Pipeline(steps=[('smote', SMOTE(random_state=42)),
                ('mlp',
                 MLPClassifier(activation='identity', alpha=0.01,
                               early_stopping=True, max_iter=500,
                               random_state=42))])
2026-05-06 16:02:21,890 [INFO] {'Data': 'train', 'ACC': 0.8333, 'Precision_macro': 0.8303, 'Recall_macro': 0.8338, 'F1_macro': 0.8311, 'AUC_ovr_macro': 0.9315, 'AUC_class0': 0.9417, 'AUC_class1': 0.9125, 'AUC_class2': 0.9403}
2026-05-06 16:02:21,943 [INFO] {'Data': 'valid', 'ACC': 0.6239, 'Precision_macro': 0.6403, 'Recall_macro': 0.6279, 'F1_macro': 0.624, 'AUC_ovr_macro': 0.7893, 'AUC_class0': 0.8232, 'AUC_class1': 0.7228, 'AUC_class2': 0.8221}
2026-05-06 16:02:22,008 [INFO] {'Data': 'test', 'ACC': 0.5727, 'Precision_macro': 0.5799, 'Recall_macro': 0.5758, 'F1_macro': 0.5683, 'AUC_ovr_macro': 0.7618, 'AUC_class0': 0.819, 'AUC_class1': 0.6345, 'AUC_class2': 0.8319}
2026-05-06 16:02:22,031 [INFO] Time : 1210.7112936973572
