2026-05-05 12:10:42,520 [INFO] Train data : E:\1ADD\ADis_QSAR\multiclass_0504\Vary_params_results\100\ECFP4_256bits\MinMax\100_train_vector.tsv
2026-05-05 12:10:42,520 [INFO] Valid data : E:\1ADD\ADis_QSAR\multiclass_0504\Vary_params_results\100\ECFP4_256bits\MinMax\100_valid_vector.tsv
2026-05-05 12:10:42,522 [INFO] Output path : E:\1ADD\ADis_QSAR\multiclass_0504\Vary_params_results\100\ECFP4_256bits\MinMax\100_model\XGB
2026-05-05 12:10:42,522 [INFO] Model type : XGB
2026-05-05 12:10:42,522 [INFO] Use cores : 19
2026-05-05 12:10:42,539 [INFO] Detected classes: [0, 1, 2] (n_classes=3)
2026-05-05 12:10:42,539 [INFO] Set parameters : {'max_depth': [4, 6, 8], 'learning_rate': [0.01, 0.2], 'n_estimators': [200, 600, 1000], 'gamma': [0, 1000], 'min_child_weight': [1, 3], 'subsample': [0.5, 1], 'colsample_bytree': [0.5, 1]}
2026-05-05 13:07:37,589 [INFO] GridSearchCV results :
     mean_valid_accuracy  ...  mean_valid_auc_ovr_macro
20              0.494231  ...                  0.663972
154             0.491474  ...                  0.654313
176             0.491603  ...                  0.659875
164             0.489103  ...                  0.660592
166             0.486346  ...                  0.651605
..                   ...  ...                       ...
122             0.421987  ...                  0.500000
123             0.421987  ...                  0.500000
124             0.421987  ...                  0.500000
125             0.421987  ...                  0.500000
287             0.421987  ...                  0.500000

[288 rows x 5 columns]
2026-05-05 13:07:37,593 [INFO] Best model :
XGBClassifier(base_score=None, booster=None, callbacks=None,
              colsample_bylevel=None, colsample_bynode=None,
              colsample_bytree=0.5, early_stopping_rounds=None,
              enable_categorical=False, eval_metric='mlogloss',
              feature_types=None, gamma=0, gpu_id=None, grow_policy=None,
              importance_type=None, interaction_constraints=None,
              learning_rate=0.01, max_bin=None, max_cat_threshold=None,
              max_cat_to_onehot=None, max_delta_step=None, max_depth=6,
              max_leaves=None, min_child_weight=3, missing=nan,
              monotone_constraints=None, n_estimators=600, n_jobs=0,
              num_class=3, num_parallel_tree=None, objective='multi:softprob', ...)
2026-05-05 13:07:37,759 [INFO] {'Data': 'train', 'ACC': 0.8465, 'Precision_macro': 0.8457, 'Recall_macro': 0.8425, 'F1_macro': 0.8438, 'AUC_ovr_macro': 0.958, 'AUC_class0': 0.9612, 'AUC_class1': 0.944, 'AUC_class2': 0.9687}
2026-05-05 13:07:47,224 [INFO] {'Data': 'valid', 'ACC': 0.6907, 'Precision_macro': 0.6807, 'Recall_macro': 0.6892, 'F1_macro': 0.6824, 'AUC_ovr_macro': 0.8355, 'AUC_class0': 0.8519, 'AUC_class1': 0.7861, 'AUC_class2': 0.8684}
2026-05-05 13:07:47,303 [INFO] {'Data': 'test', 'ACC': 0.6566, 'Precision_macro': 0.6442, 'Recall_macro': 0.6419, 'F1_macro': 0.6429, 'AUC_ovr_macro': 0.808, 'AUC_class0': 0.8505, 'AUC_class1': 0.7068, 'AUC_class2': 0.8667}
2026-05-05 13:07:47,340 [INFO] Time : 3424.8197090625763
