2026-05-07 12:13:26,299 [INFO] Train data : E:\1ADD\ADis_QSAR\multiclass_0506\Vary_params_results\80\ECFP4_512bits\Robust\80_train_vector.tsv
2026-05-07 12:13:26,300 [INFO] Valid data : E:\1ADD\ADis_QSAR\multiclass_0506\Vary_params_results\80\ECFP4_512bits\Robust\80_valid_vector.tsv
2026-05-07 12:13:26,300 [INFO] Output path : E:\1ADD\ADis_QSAR\multiclass_0506\Vary_params_results\80\ECFP4_512bits\Robust\80_model\MLP
2026-05-07 12:13:26,300 [INFO] Model type : MLP
2026-05-07 12:13:26,300 [INFO] Use cores : 19
2026-05-07 12:13:26,328 [INFO] Detected classes: [0, 1, 2] (n_classes=3)
2026-05-07 12:13:26,439 [INFO] Set parameters : {'mlp__hidden_layer_sizes': [(50,), (100,), (50, 50), (100, 100)], 'mlp__learning_rate': ['constant', 'invscaling', 'adaptive'], 'mlp__activation': ['relu', 'identity', 'logistic', 'tanh'], 'mlp__solver': ['adam', 'sgd', 'lbfgs'], 'mlp__alpha': [0.1, 0.01, 0.001], 'mlp__max_iter': [500, 1000], 'mlp__early_stopping': [True]}
2026-05-07 12:45:59,700 [INFO] GridSearchCV results :
     mean_valid_accuracy  ...  mean_valid_auc_ovr_macro
506             0.440671  ...                  0.594407
521             0.440671  ...                  0.594407
509             0.440671  ...                  0.594407
512             0.440671  ...                  0.594407
515             0.440671  ...                  0.594407
..                   ...  ...                       ...
547             0.408354  ...                  0.504111
619             0.408354  ...                  0.504111
478             0.408354  ...                  0.504111
475             0.408354  ...                  0.504111
550             0.408354  ...                  0.504111

[864 rows x 5 columns]
2026-05-07 12:45:59,708 [INFO] Best model :
Pipeline(steps=[('smote', SMOTE(random_state=42)),
                ('mlp',
                 MLPClassifier(activation='logistic', alpha=0.01,
                               early_stopping=True, hidden_layer_sizes=(50,),
                               max_iter=500, random_state=42,
                               solver='lbfgs'))])
2026-05-07 12:45:59,752 [INFO] {'Data': 'train', 'ACC': 1.0, 'Precision_macro': 1.0, 'Recall_macro': 1.0, 'F1_macro': 1.0, 'AUC_ovr_macro': 1.0, 'AUC_class0': 1.0, 'AUC_class1': 1.0, 'AUC_class2': 1.0}
2026-05-07 12:45:59,793 [INFO] {'Data': 'valid', 'ACC': 0.69, 'Precision_macro': 0.6893, 'Recall_macro': 0.692, 'F1_macro': 0.6849, 'AUC_ovr_macro': 0.8601, 'AUC_class0': 0.9029, 'AUC_class1': 0.7862, 'AUC_class2': 0.8912}
2026-05-07 12:45:59,858 [INFO] {'Data': 'test', 'ACC': 0.6602, 'Precision_macro': 0.6628, 'Recall_macro': 0.6701, 'F1_macro': 0.6566, 'AUC_ovr_macro': 0.8205, 'AUC_class0': 0.8415, 'AUC_class1': 0.6976, 'AUC_class2': 0.9224}
2026-05-07 12:45:59,879 [INFO] Time : 1953.5796701908112
