2026-05-06 18:12:58,235 [INFO] Train data : E:\1ADD\ADis_QSAR\multiclass_0506\Vary_params_results\30\ECFP6_512bits\Robust\30_train_vector.tsv
2026-05-06 18:12:58,235 [INFO] Valid data : E:\1ADD\ADis_QSAR\multiclass_0506\Vary_params_results\30\ECFP6_512bits\Robust\30_valid_vector.tsv
2026-05-06 18:12:58,236 [INFO] Output path : E:\1ADD\ADis_QSAR\multiclass_0506\Vary_params_results\30\ECFP6_512bits\Robust\30_model\MLP
2026-05-06 18:12:58,236 [INFO] Model type : MLP
2026-05-06 18:12:58,236 [INFO] Use cores : 19
2026-05-06 18:12:58,264 [INFO] Detected classes: [0, 1, 2] (n_classes=3)
2026-05-06 18:12:58,546 [INFO] Set parameters : {'mlp__hidden_layer_sizes': [(50,), (100,), (50, 50), (100, 100)], 'mlp__learning_rate': ['constant', 'invscaling', 'adaptive'], 'mlp__activation': ['relu', 'identity', 'logistic', 'tanh'], 'mlp__solver': ['adam', 'sgd', 'lbfgs'], 'mlp__alpha': [0.1, 0.01, 0.001], 'mlp__max_iter': [500, 1000], 'mlp__early_stopping': [True]}
2026-05-06 18:35:24,356 [INFO] GridSearchCV results :
     mean_valid_accuracy  ...  mean_valid_auc_ovr_macro
608             0.454440  ...                  0.610103
611             0.454440  ...                  0.610103
605             0.454440  ...                  0.610103
602             0.454440  ...                  0.610103
599             0.454440  ...                  0.610103
..                   ...  ...                       ...
547             0.376691  ...                  0.520320
478             0.376691  ...                  0.520320
622             0.376691  ...                  0.520320
619             0.376691  ...                  0.520320
475             0.376691  ...                  0.520320

[864 rows x 5 columns]
2026-05-06 18:35:24,363 [INFO] Best model :
Pipeline(steps=[('smote', SMOTE(random_state=42)),
                ('mlp',
                 MLPClassifier(activation='logistic', alpha=0.001,
                               early_stopping=True, max_iter=500,
                               random_state=42, solver='lbfgs'))])
2026-05-06 18:35:24,400 [INFO] {'Data': 'train', 'ACC': 1.0, 'Precision_macro': 1.0, 'Recall_macro': 1.0, 'F1_macro': 1.0, 'AUC_ovr_macro': 1.0, 'AUC_class0': 1.0, 'AUC_class1': 1.0, 'AUC_class2': 1.0}
2026-05-06 18:35:24,433 [INFO] {'Data': 'valid', 'ACC': 0.633, 'Precision_macro': 0.6294, 'Recall_macro': 0.6288, 'F1_macro': 0.627, 'AUC_ovr_macro': 0.8217, 'AUC_class0': 0.8798, 'AUC_class1': 0.7595, 'AUC_class2': 0.8258}
2026-05-06 18:35:24,487 [INFO] {'Data': 'test', 'ACC': 0.5818, 'Precision_macro': 0.5513, 'Recall_macro': 0.5622, 'F1_macro': 0.5546, 'AUC_ovr_macro': 0.7817, 'AUC_class0': 0.8288, 'AUC_class1': 0.6562, 'AUC_class2': 0.8601}
2026-05-06 18:35:24,505 [INFO] Time : 1346.2701144218445
