2026-05-05 07:45:50,583 [INFO] Train data : E:\1ADD\ADis_QSAR\multiclass_0504\Vary_params_results\100\ECFP2_512bits\MinMax\100_train_vector.tsv
2026-05-05 07:45:50,585 [INFO] Valid data : E:\1ADD\ADis_QSAR\multiclass_0504\Vary_params_results\100\ECFP2_512bits\MinMax\100_valid_vector.tsv
2026-05-05 07:45:50,587 [INFO] Output path : E:\1ADD\ADis_QSAR\multiclass_0504\Vary_params_results\100\ECFP2_512bits\MinMax\100_model\MLP
2026-05-05 07:45:50,587 [INFO] Model type : MLP
2026-05-05 07:45:50,587 [INFO] Use cores : 19
2026-05-05 07:45:50,615 [INFO] Detected classes: [0, 1, 2] (n_classes=3)
2026-05-05 07:45:50,734 [INFO] Set parameters : {'mlp__hidden_layer_sizes': [(50,), (100,), (50, 50), (100, 100)], 'mlp__learning_rate': ['constant', 'invscaling', 'adaptive'], 'mlp__activation': ['relu', 'identity', 'logistic', 'tanh'], 'mlp__solver': ['adam', 'sgd', 'lbfgs'], 'mlp__alpha': [0.1, 0.01, 0.001], 'mlp__max_iter': [500, 1000], 'mlp__early_stopping': [True]}
2026-05-05 08:35:05,440 [INFO] GridSearchCV results :
     mean_valid_accuracy  ...  mean_valid_auc_ovr_macro
42              0.460705  ...                  0.640675
36              0.460705  ...                  0.640675
51              0.460705  ...                  0.640675
45              0.460705  ...                  0.640675
48              0.460705  ...                  0.640675
..                   ...  ...                       ...
517             0.288974  ...                  0.513173
445             0.288974  ...                  0.513173
592             0.288974  ...                  0.513173
589             0.288974  ...                  0.513173
448             0.288974  ...                  0.513173

[864 rows x 5 columns]
2026-05-05 08:35:05,445 [INFO] Best model :
Pipeline(steps=[('smote', SMOTE(random_state=42)),
                ('mlp',
                 MLPClassifier(alpha=0.1, early_stopping=True,
                               hidden_layer_sizes=(50, 50), max_iter=500,
                               random_state=42))])
2026-05-05 08:35:05,478 [INFO] {'Data': 'train', 'ACC': 0.6368, 'Precision_macro': 0.6481, 'Recall_macro': 0.6351, 'F1_macro': 0.6333, 'AUC_ovr_macro': 0.8147, 'AUC_class0': 0.8323, 'AUC_class1': 0.7626, 'AUC_class2': 0.8491}
2026-05-05 08:35:14,795 [INFO] {'Data': 'valid', 'ACC': 0.5361, 'Precision_macro': 0.5539, 'Recall_macro': 0.5357, 'F1_macro': 0.5309, 'AUC_ovr_macro': 0.7148, 'AUC_class0': 0.7687, 'AUC_class1': 0.6672, 'AUC_class2': 0.7086}
2026-05-05 08:35:14,844 [INFO] {'Data': 'test', 'ACC': 0.5455, 'Precision_macro': 0.6127, 'Recall_macro': 0.5728, 'F1_macro': 0.5477, 'AUC_ovr_macro': 0.7337, 'AUC_class0': 0.7093, 'AUC_class1': 0.6257, 'AUC_class2': 0.8662}
2026-05-05 08:35:14,863 [INFO] Time : 2964.280317544937
