2026-05-07 10:22:45,524 [INFO] Train data : E:\1ADD\ADis_QSAR\multiclass_0506\Vary_params_results\80\ECFP2_512bits\MinMax\80_train_vector.tsv
2026-05-07 10:22:45,524 [INFO] Valid data : E:\1ADD\ADis_QSAR\multiclass_0506\Vary_params_results\80\ECFP2_512bits\MinMax\80_valid_vector.tsv
2026-05-07 10:22:45,526 [INFO] Output path : E:\1ADD\ADis_QSAR\multiclass_0506\Vary_params_results\80\ECFP2_512bits\MinMax\80_model\SVM
2026-05-07 10:22:45,526 [INFO] Model type : SVM
2026-05-07 10:22:45,526 [INFO] Use cores : 19
2026-05-07 10:22:45,555 [INFO] Detected classes: [0, 1, 2] (n_classes=3)
2026-05-07 10:22:45,555 [INFO] Set parameters : {'kernel': ['linear', 'rbf'], 'C': [0.01, 0.1, 1, 10, 100, 1000], 'gamma': [0.01, 0.1, 1, 100, 1000], 'class_weight': [None, 'balanced']}
2026-05-07 10:24:26,915 [INFO] GridSearchCV results :
    mean_valid_accuracy  ...  mean_valid_auc_ovr_macro
53             0.482866  ...                  0.673971
51             0.485793  ...                  0.677105
38             0.478110  ...                  0.670182
36             0.478110  ...                  0.670182
34             0.478110  ...                  0.670182
..                  ...  ...                       ...
19             0.317073  ...                  0.500000
35             0.292073  ...                  0.494688
37             0.292073  ...                  0.500000
39             0.292073  ...                  0.500000
31             0.292073  ...                  0.324757

[120 rows x 5 columns]
2026-05-07 10:24:26,919 [INFO] Best model :
SVC(C=1, class_weight='balanced', gamma=0.1, probability=True, random_state=42)
2026-05-07 10:24:27,040 [INFO] {'Data': 'train', 'ACC': 0.8886, 'Precision_macro': 0.8868, 'Recall_macro': 0.8965, 'F1_macro': 0.8887, 'AUC_ovr_macro': 0.9773, 'AUC_class0': 0.9741, 'AUC_class1': 0.9684, 'AUC_class2': 0.9894}
2026-05-07 10:24:27,065 [INFO] {'Data': 'valid', 'ACC': 0.71, 'Precision_macro': 0.732, 'Recall_macro': 0.7236, 'F1_macro': 0.7116, 'AUC_ovr_macro': 0.8762, 'AUC_class0': 0.8884, 'AUC_class1': 0.8319, 'AUC_class2': 0.9082}
2026-05-07 10:24:27,136 [INFO] {'Data': 'test', 'ACC': 0.6311, 'Precision_macro': 0.6868, 'Recall_macro': 0.6547, 'F1_macro': 0.6311, 'AUC_ovr_macro': 0.8423, 'AUC_class0': 0.896, 'AUC_class1': 0.7285, 'AUC_class2': 0.9025}
2026-05-07 10:24:27,141 [INFO] Time : 101.61672472953796
