2026-05-05 09:54:34,797 [INFO] Train data : E:\1ADD\ADis_QSAR\multiclass_0504\Vary_params_results\100\ECFP4_256bits\Robust\100_train_vector.tsv
2026-05-05 09:54:34,797 [INFO] Valid data : E:\1ADD\ADis_QSAR\multiclass_0504\Vary_params_results\100\ECFP4_256bits\Robust\100_valid_vector.tsv
2026-05-05 09:54:34,799 [INFO] Output path : E:\1ADD\ADis_QSAR\multiclass_0504\Vary_params_results\100\ECFP4_256bits\Robust\100_model\MLP
2026-05-05 09:54:34,800 [INFO] Model type : MLP
2026-05-05 09:54:34,800 [INFO] Use cores : 19
2026-05-05 09:54:34,817 [INFO] Detected classes: [0, 1, 2] (n_classes=3)
2026-05-05 09:54:35,176 [INFO] Set parameters : {'mlp__hidden_layer_sizes': [(50,), (100,), (50, 50), (100, 100)], 'mlp__learning_rate': ['constant', 'invscaling', 'adaptive'], 'mlp__activation': ['relu', 'identity', 'logistic', 'tanh'], 'mlp__solver': ['adam', 'sgd', 'lbfgs'], 'mlp__alpha': [0.1, 0.01, 0.001], 'mlp__max_iter': [500, 1000], 'mlp__early_stopping': [True]}
2026-05-05 10:19:42,339 [INFO] GridSearchCV results :
     mean_valid_accuracy  ...  mean_valid_auc_ovr_macro
747             0.470641  ...                  0.616866
738             0.470641  ...                  0.616866
741             0.470641  ...                  0.616866
753             0.470641  ...                  0.616866
744             0.470641  ...                  0.616866
..                   ...  ...                       ...
565             0.312051  ...                  0.525535
640             0.312051  ...                  0.525535
568             0.312051  ...                  0.525535
637             0.312051  ...                  0.525535
493             0.312051  ...                  0.525535

[864 rows x 5 columns]
2026-05-05 10:19:42,346 [INFO] Best model :
Pipeline(steps=[('smote', SMOTE(random_state=42)),
                ('mlp',
                 MLPClassifier(activation='tanh', alpha=0.01,
                               early_stopping=True, max_iter=500,
                               random_state=42))])
2026-05-05 10:19:42,384 [INFO] {'Data': 'train', 'ACC': 0.9514, 'Precision_macro': 0.9528, 'Recall_macro': 0.9509, 'F1_macro': 0.9514, 'AUC_ovr_macro': 0.9904, 'AUC_class0': 0.9908, 'AUC_class1': 0.9853, 'AUC_class2': 0.9952}
2026-05-05 10:19:42,416 [INFO] {'Data': 'valid', 'ACC': 0.4742, 'Precision_macro': 0.4601, 'Recall_macro': 0.4712, 'F1_macro': 0.4611, 'AUC_ovr_macro': 0.6892, 'AUC_class0': 0.6825, 'AUC_class1': 0.6333, 'AUC_class2': 0.7519}
2026-05-05 10:19:42,464 [INFO] {'Data': 'test', 'ACC': 0.4343, 'Precision_macro': 0.4253, 'Recall_macro': 0.4322, 'F1_macro': 0.4284, 'AUC_ovr_macro': 0.6057, 'AUC_class0': 0.5869, 'AUC_class1': 0.4673, 'AUC_class2': 0.7629}
2026-05-05 10:19:42,487 [INFO] Time : 1507.6902220249176
