2026-05-07 14:00:09,491 [INFO] Train data : E:\1ADD\ADis_QSAR\multiclass_0506\Vary_params_results\80\ECFP6_256bits\Standard\80_train_vector.tsv
2026-05-07 14:00:09,491 [INFO] Valid data : E:\1ADD\ADis_QSAR\multiclass_0506\Vary_params_results\80\ECFP6_256bits\Standard\80_valid_vector.tsv
2026-05-07 14:00:09,492 [INFO] Output path : E:\1ADD\ADis_QSAR\multiclass_0506\Vary_params_results\80\ECFP6_256bits\Standard\80_model\MLP
2026-05-07 14:00:09,492 [INFO] Model type : MLP
2026-05-07 14:00:09,492 [INFO] Use cores : 19
2026-05-07 14:00:09,520 [INFO] Detected classes: [0, 1, 2] (n_classes=3)
2026-05-07 14:00:09,654 [INFO] Set parameters : {'mlp__hidden_layer_sizes': [(50,), (100,), (50, 50), (100, 100)], 'mlp__learning_rate': ['constant', 'invscaling', 'adaptive'], 'mlp__activation': ['relu', 'identity', 'logistic', 'tanh'], 'mlp__solver': ['adam', 'sgd', 'lbfgs'], 'mlp__alpha': [0.1, 0.01, 0.001], 'mlp__max_iter': [500, 1000], 'mlp__early_stopping': [True]}
2026-05-07 14:12:54,114 [INFO] GridSearchCV results :
     mean_valid_accuracy  ...  mean_valid_auc_ovr_macro
522             0.468171  ...                  0.629914
525             0.468171  ...                  0.629914
534             0.468171  ...                  0.629914
531             0.468171  ...                  0.629914
537             0.468171  ...                  0.629914
..                   ...  ...                       ...
496             0.302073  ...                  0.486871
493             0.302073  ...                  0.486871
565             0.302073  ...                  0.486871
640             0.302073  ...                  0.486871
568             0.302073  ...                  0.486871

[864 rows x 5 columns]
2026-05-07 14:12:54,121 [INFO] Best model :
Pipeline(steps=[('smote', SMOTE(random_state=42)),
                ('mlp',
                 MLPClassifier(activation='logistic', alpha=0.01,
                               early_stopping=True, max_iter=500,
                               random_state=42))])
2026-05-07 14:12:54,159 [INFO] {'Data': 'train', 'ACC': 0.7277, 'Precision_macro': 0.7225, 'Recall_macro': 0.723, 'F1_macro': 0.7227, 'AUC_ovr_macro': 0.8763, 'AUC_class0': 0.8832, 'AUC_class1': 0.8334, 'AUC_class2': 0.9123}
2026-05-07 14:12:54,192 [INFO] {'Data': 'valid', 'ACC': 0.66, 'Precision_macro': 0.6424, 'Recall_macro': 0.646, 'F1_macro': 0.6393, 'AUC_ovr_macro': 0.7923, 'AUC_class0': 0.8491, 'AUC_class1': 0.6881, 'AUC_class2': 0.8397}
2026-05-07 14:12:54,243 [INFO] {'Data': 'test', 'ACC': 0.5825, 'Precision_macro': 0.5719, 'Recall_macro': 0.5795, 'F1_macro': 0.5724, 'AUC_ovr_macro': 0.7141, 'AUC_class0': 0.7506, 'AUC_class1': 0.5694, 'AUC_class2': 0.8224}
2026-05-07 14:12:54,265 [INFO] Time : 764.7732789516449
