2026-05-06 14:19:19,062 [INFO] Train data : E:\1ADD\ADis_QSAR\multiclass_0506\Vary_params_results\30\ECFP2_512bits\MinMax\30_train_vector.tsv
2026-05-06 14:19:19,062 [INFO] Valid data : E:\1ADD\ADis_QSAR\multiclass_0506\Vary_params_results\30\ECFP2_512bits\MinMax\30_valid_vector.tsv
2026-05-06 14:19:19,062 [INFO] Output path : E:\1ADD\ADis_QSAR\multiclass_0506\Vary_params_results\30\ECFP2_512bits\MinMax\30_model\SVM
2026-05-06 14:19:19,062 [INFO] Model type : SVM
2026-05-06 14:19:19,062 [INFO] Use cores : 19
2026-05-06 14:19:19,090 [INFO] Detected classes: [0, 1, 2] (n_classes=3)
2026-05-06 14:19:19,090 [INFO] Set parameters : {'kernel': ['linear', 'rbf'], 'C': [0.01, 0.1, 1, 10, 100, 1000], 'gamma': [0.01, 0.1, 1, 100, 1000], 'class_weight': [None, 'balanced']}
2026-05-06 14:21:21,168 [INFO] GridSearchCV results :
    mean_valid_accuracy  ...  mean_valid_auc_ovr_macro
38             0.504863  ...                  0.659667
36             0.504863  ...                  0.659667
34             0.504863  ...                  0.659667
32             0.504863  ...                  0.659667
30             0.504863  ...                  0.659667
..                  ...  ...                       ...
19             0.363055  ...                  0.500000
39             0.344450  ...                  0.500000
37             0.344450  ...                  0.500000
35             0.344450  ...                  0.501333
31             0.344450  ...                  0.334092

[120 rows x 5 columns]
2026-05-06 14:21:21,176 [INFO] Best model :
SVC(C=0.1, class_weight='balanced', gamma=0.01, kernel='linear',
    probability=True, random_state=42)
2026-05-06 14:21:21,275 [INFO] {'Data': 'train', 'ACC': 0.7283, 'Precision_macro': 0.7263, 'Recall_macro': 0.7283, 'F1_macro': 0.7253, 'AUC_ovr_macro': 0.8775, 'AUC_class0': 0.8857, 'AUC_class1': 0.8517, 'AUC_class2': 0.895}
2026-05-06 14:21:21,326 [INFO] {'Data': 'valid', 'ACC': 0.5872, 'Precision_macro': 0.5919, 'Recall_macro': 0.5721, 'F1_macro': 0.5768, 'AUC_ovr_macro': 0.8041, 'AUC_class0': 0.8795, 'AUC_class1': 0.708, 'AUC_class2': 0.8247}
2026-05-06 14:21:21,393 [INFO] {'Data': 'test', 'ACC': 0.6273, 'Precision_macro': 0.6608, 'Recall_macro': 0.621, 'F1_macro': 0.6218, 'AUC_ovr_macro': 0.7943, 'AUC_class0': 0.895, 'AUC_class1': 0.648, 'AUC_class2': 0.8401}
2026-05-06 14:21:21,403 [INFO] Time : 122.34181714057922
