2026-05-07 04:51:16,234 [INFO] Train data : E:\1ADD\ADis_QSAR\multiclass_0506\Vary_params_results\50\ECFP6_512bits\Standard\50_train_vector.tsv
2026-05-07 04:51:16,235 [INFO] Valid data : E:\1ADD\ADis_QSAR\multiclass_0506\Vary_params_results\50\ECFP6_512bits\Standard\50_valid_vector.tsv
2026-05-07 04:51:16,236 [INFO] Output path : E:\1ADD\ADis_QSAR\multiclass_0506\Vary_params_results\50\ECFP6_512bits\Standard\50_model\MLP
2026-05-07 04:51:16,236 [INFO] Model type : MLP
2026-05-07 04:51:16,236 [INFO] Use cores : 19
2026-05-07 04:51:16,289 [INFO] Detected classes: [0, 1, 2] (n_classes=3)
2026-05-07 04:51:16,412 [INFO] Set parameters : {'mlp__hidden_layer_sizes': [(50,), (100,), (50, 50), (100, 100)], 'mlp__learning_rate': ['constant', 'invscaling', 'adaptive'], 'mlp__activation': ['relu', 'identity', 'logistic', 'tanh'], 'mlp__solver': ['adam', 'sgd', 'lbfgs'], 'mlp__alpha': [0.1, 0.01, 0.001], 'mlp__max_iter': [500, 1000], 'mlp__early_stopping': [True]}
2026-05-07 05:09:42,293 [INFO] GridSearchCV results :
     mean_valid_accuracy  ...  mean_valid_auc_ovr_macro
452             0.453045  ...                   0.59044
455             0.453045  ...                   0.59044
458             0.453045  ...                   0.59044
461             0.453045  ...                   0.59044
464             0.453045  ...                   0.59044
..                   ...  ...                       ...
457             0.287818  ...                   0.49891
601             0.287818  ...                   0.49891
529             0.287818  ...                   0.49891
604             0.287818  ...                   0.49891
532             0.287818  ...                   0.49891

[864 rows x 5 columns]
2026-05-07 05:09:42,299 [INFO] Best model :
Pipeline(steps=[('smote', SMOTE(random_state=42)),
                ('mlp',
                 MLPClassifier(activation='logistic', alpha=0.1,
                               early_stopping=True, max_iter=500,
                               random_state=42, solver='lbfgs'))])
2026-05-07 05:09:42,334 [INFO] {'Data': 'train', 'ACC': 1.0, 'Precision_macro': 1.0, 'Recall_macro': 1.0, 'F1_macro': 1.0, 'AUC_ovr_macro': 1.0, 'AUC_class0': 1.0, 'AUC_class1': 1.0, 'AUC_class2': 1.0}
2026-05-07 05:09:42,365 [INFO] {'Data': 'valid', 'ACC': 0.6095, 'Precision_macro': 0.6116, 'Recall_macro': 0.6054, 'F1_macro': 0.6027, 'AUC_ovr_macro': 0.8009, 'AUC_class0': 0.8491, 'AUC_class1': 0.724, 'AUC_class2': 0.8297}
2026-05-07 05:09:42,423 [INFO] {'Data': 'test', 'ACC': 0.6111, 'Precision_macro': 0.602, 'Recall_macro': 0.6065, 'F1_macro': 0.5965, 'AUC_ovr_macro': 0.7874, 'AUC_class0': 0.8128, 'AUC_class1': 0.6829, 'AUC_class2': 0.8665}
2026-05-07 05:09:42,439 [INFO] Time : 1106.205271244049
