2026-05-05 11:36:42,660 [INFO] Train data : E:\1ADD\ADis_QSAR\multiclass_0504\Vary_params_results\100\ECFP4_256bits\Standard\100_train_vector.tsv
2026-05-05 11:36:42,661 [INFO] Valid data : E:\1ADD\ADis_QSAR\multiclass_0504\Vary_params_results\100\ECFP4_256bits\Standard\100_valid_vector.tsv
2026-05-05 11:36:42,663 [INFO] Output path : E:\1ADD\ADis_QSAR\multiclass_0504\Vary_params_results\100\ECFP4_256bits\Standard\100_model\MLP
2026-05-05 11:36:42,663 [INFO] Model type : MLP
2026-05-05 11:36:42,663 [INFO] Use cores : 19
2026-05-05 11:36:42,688 [INFO] Detected classes: [0, 1, 2] (n_classes=3)
2026-05-05 11:36:42,818 [INFO] Set parameters : {'mlp__hidden_layer_sizes': [(50,), (100,), (50, 50), (100, 100)], 'mlp__learning_rate': ['constant', 'invscaling', 'adaptive'], 'mlp__activation': ['relu', 'identity', 'logistic', 'tanh'], 'mlp__solver': ['adam', 'sgd', 'lbfgs'], 'mlp__alpha': [0.1, 0.01, 0.001], 'mlp__max_iter': [500, 1000], 'mlp__early_stopping': [True]}
2026-05-05 11:49:54,704 [INFO] GridSearchCV results :
     mean_valid_accuracy  ...  mean_valid_auc_ovr_macro
450             0.473654  ...                  0.640211
453             0.473654  ...                  0.640211
456             0.473654  ...                  0.640211
465             0.473654  ...                  0.640211
459             0.473654  ...                  0.640211
..                   ...  ...                       ...
565             0.312051  ...                  0.472993
568             0.312051  ...                  0.472993
496             0.312051  ...                  0.472993
637             0.312051  ...                  0.472993
640             0.312051  ...                  0.472993

[864 rows x 5 columns]
2026-05-05 11:49:54,711 [INFO] Best model :
Pipeline(steps=[('smote', SMOTE(random_state=42)),
                ('mlp',
                 MLPClassifier(activation='logistic', alpha=0.1,
                               early_stopping=True, max_iter=500,
                               random_state=42))])
2026-05-05 11:49:54,746 [INFO] {'Data': 'train', 'ACC': 0.7519, 'Precision_macro': 0.751, 'Recall_macro': 0.7564, 'F1_macro': 0.7504, 'AUC_ovr_macro': 0.8938, 'AUC_class0': 0.9049, 'AUC_class1': 0.8661, 'AUC_class2': 0.9103}
2026-05-05 11:49:54,782 [INFO] {'Data': 'valid', 'ACC': 0.6392, 'Precision_macro': 0.6376, 'Recall_macro': 0.6422, 'F1_macro': 0.6347, 'AUC_ovr_macro': 0.7976, 'AUC_class0': 0.8171, 'AUC_class1': 0.7498, 'AUC_class2': 0.8261}
2026-05-05 11:49:54,850 [INFO] {'Data': 'test', 'ACC': 0.5556, 'Precision_macro': 0.5621, 'Recall_macro': 0.5659, 'F1_macro': 0.5516, 'AUC_ovr_macro': 0.7597, 'AUC_class0': 0.7957, 'AUC_class1': 0.6366, 'AUC_class2': 0.8467}
2026-05-05 11:49:54,882 [INFO] Time : 792.2217133045197
