2026-05-07 04:23:50,480 [INFO] Train data : E:\1ADD\ADis_QSAR\multiclass_0506\Vary_params_results\50\ECFP6_512bits\Robust\50_train_vector.tsv
2026-05-07 04:23:50,481 [INFO] Valid data : E:\1ADD\ADis_QSAR\multiclass_0506\Vary_params_results\50\ECFP6_512bits\Robust\50_valid_vector.tsv
2026-05-07 04:23:50,482 [INFO] Output path : E:\1ADD\ADis_QSAR\multiclass_0506\Vary_params_results\50\ECFP6_512bits\Robust\50_model\MLP
2026-05-07 04:23:50,482 [INFO] Model type : MLP
2026-05-07 04:23:50,482 [INFO] Use cores : 19
2026-05-07 04:23:50,510 [INFO] Detected classes: [0, 1, 2] (n_classes=3)
2026-05-07 04:23:50,621 [INFO] Set parameters : {'mlp__hidden_layer_sizes': [(50,), (100,), (50, 50), (100, 100)], 'mlp__learning_rate': ['constant', 'invscaling', 'adaptive'], 'mlp__activation': ['relu', 'identity', 'logistic', 'tanh'], 'mlp__solver': ['adam', 'sgd', 'lbfgs'], 'mlp__alpha': [0.1, 0.01, 0.001], 'mlp__max_iter': [500, 1000], 'mlp__early_stopping': [True]}
2026-05-07 04:49:14,490 [INFO] GridSearchCV results :
     mean_valid_accuracy  ...  mean_valid_auc_ovr_macro
599             0.450388  ...                  0.598368
602             0.450388  ...                  0.598368
605             0.450388  ...                  0.598368
608             0.450388  ...                  0.598368
611             0.450388  ...                  0.598368
..                   ...  ...                       ...
478             0.389092  ...                  0.521652
475             0.389092  ...                  0.521652
550             0.389092  ...                  0.521652
622             0.389092  ...                  0.521652
547             0.389092  ...                  0.521652

[864 rows x 5 columns]
2026-05-07 04:49:14,501 [INFO] Best model :
Pipeline(steps=[('smote', SMOTE(random_state=42)),
                ('mlp',
                 MLPClassifier(activation='logistic', alpha=0.001,
                               early_stopping=True, max_iter=500,
                               random_state=42, solver='lbfgs'))])
2026-05-07 04:49:14,541 [INFO] {'Data': 'train', 'ACC': 1.0, 'Precision_macro': 1.0, 'Recall_macro': 1.0, 'F1_macro': 1.0, 'AUC_ovr_macro': 1.0, 'AUC_class0': 1.0, 'AUC_class1': 1.0, 'AUC_class2': 1.0}
2026-05-07 04:49:14,576 [INFO] {'Data': 'valid', 'ACC': 0.6381, 'Precision_macro': 0.6302, 'Recall_macro': 0.6292, 'F1_macro': 0.6294, 'AUC_ovr_macro': 0.8186, 'AUC_class0': 0.8674, 'AUC_class1': 0.7409, 'AUC_class2': 0.8476}
2026-05-07 04:49:14,631 [INFO] {'Data': 'test', 'ACC': 0.6296, 'Precision_macro': 0.6057, 'Recall_macro': 0.6183, 'F1_macro': 0.606, 'AUC_ovr_macro': 0.8057, 'AUC_class0': 0.8532, 'AUC_class1': 0.6699, 'AUC_class2': 0.8939}
2026-05-07 04:49:14,649 [INFO] Time : 1524.1687574386597
