2026-05-06 17:53:27,633 [INFO] Train data : E:\1ADD\ADis_QSAR\multiclass_0506\Vary_params_results\30\ECFP6_256bits\MinMax\30_train_vector.tsv
2026-05-06 17:53:27,634 [INFO] Valid data : E:\1ADD\ADis_QSAR\multiclass_0506\Vary_params_results\30\ECFP6_256bits\MinMax\30_valid_vector.tsv
2026-05-06 17:53:27,634 [INFO] Output path : E:\1ADD\ADis_QSAR\multiclass_0506\Vary_params_results\30\ECFP6_256bits\MinMax\30_model\MLP
2026-05-06 17:53:27,635 [INFO] Model type : MLP
2026-05-06 17:53:27,635 [INFO] Use cores : 19
2026-05-06 17:53:27,652 [INFO] Detected classes: [0, 1, 2] (n_classes=3)
2026-05-06 17:53:27,773 [INFO] Set parameters : {'mlp__hidden_layer_sizes': [(50,), (100,), (50, 50), (100, 100)], 'mlp__learning_rate': ['constant', 'invscaling', 'adaptive'], 'mlp__activation': ['relu', 'identity', 'logistic', 'tanh'], 'mlp__solver': ['adam', 'sgd', 'lbfgs'], 'mlp__alpha': [0.1, 0.01, 0.001], 'mlp__max_iter': [500, 1000], 'mlp__early_stopping': [True]}
2026-05-06 18:10:16,872 [INFO] GridSearchCV results :
     mean_valid_accuracy  ...  mean_valid_auc_ovr_macro
162             0.477696  ...                  0.627912
165             0.477696  ...                  0.627912
168             0.477696  ...                  0.627912
171             0.477696  ...                  0.627912
174             0.477696  ...                  0.627912
..                   ...  ...                       ...
559             0.278541  ...                  0.469126
640             0.278541  ...                  0.469126
637             0.278541  ...                  0.469126
634             0.278541  ...                  0.469126
565             0.278541  ...                  0.469126

[864 rows x 5 columns]
2026-05-06 18:10:16,882 [INFO] Best model :
Pipeline(steps=[('smote', SMOTE(random_state=42)),
                ('mlp',
                 MLPClassifier(alpha=0.001, early_stopping=True, max_iter=500,
                               random_state=42))])
2026-05-06 18:10:16,923 [INFO] {'Data': 'train', 'ACC': 0.6187, 'Precision_macro': 0.6174, 'Recall_macro': 0.619, 'F1_macro': 0.6149, 'AUC_ovr_macro': 0.787, 'AUC_class0': 0.7792, 'AUC_class1': 0.7619, 'AUC_class2': 0.8199}
2026-05-06 18:10:16,956 [INFO] {'Data': 'valid', 'ACC': 0.4404, 'Precision_macro': 0.4411, 'Recall_macro': 0.4318, 'F1_macro': 0.4281, 'AUC_ovr_macro': 0.6224, 'AUC_class0': 0.665, 'AUC_class1': 0.5316, 'AUC_class2': 0.6705}
2026-05-06 18:10:17,006 [INFO] {'Data': 'test', 'ACC': 0.4636, 'Precision_macro': 0.4576, 'Recall_macro': 0.4636, 'F1_macro': 0.4496, 'AUC_ovr_macro': 0.6511, 'AUC_class0': 0.6887, 'AUC_class1': 0.5092, 'AUC_class2': 0.7553}
2026-05-06 18:10:17,028 [INFO] Time : 1009.3942360877991
