2026-05-07 02:58:45,613 [INFO] Train data : E:\1ADD\ADis_QSAR\multiclass_0506\Vary_params_results\50\ECFP4_512bits\MinMax\50_train_vector.tsv
2026-05-07 02:58:45,615 [INFO] Valid data : E:\1ADD\ADis_QSAR\multiclass_0506\Vary_params_results\50\ECFP4_512bits\MinMax\50_valid_vector.tsv
2026-05-07 02:58:45,616 [INFO] Output path : E:\1ADD\ADis_QSAR\multiclass_0506\Vary_params_results\50\ECFP4_512bits\MinMax\50_model\SVM
2026-05-07 02:58:45,616 [INFO] Model type : SVM
2026-05-07 02:58:45,616 [INFO] Use cores : 19
2026-05-07 02:58:45,644 [INFO] Detected classes: [0, 1, 2] (n_classes=3)
2026-05-07 02:58:45,644 [INFO] Set parameters : {'kernel': ['linear', 'rbf'], 'C': [0.01, 0.1, 1, 10, 100, 1000], 'gamma': [0.01, 0.1, 1, 100, 1000], 'class_weight': [None, 'balanced']}
2026-05-07 03:00:37,518 [INFO] GridSearchCV results :
    mean_valid_accuracy  ...  mean_valid_auc_ovr_macro
51             0.495570  ...                  0.689841
12             0.500388  ...                  0.682245
18             0.500388  ...                  0.682245
16             0.500388  ...                  0.682245
10             0.500388  ...                  0.682245
..                  ...  ...                       ...
17             0.360520  ...                  0.500000
19             0.360520  ...                  0.500000
37             0.360520  ...                  0.500000
35             0.360520  ...                  0.525621
33             0.360520  ...                  0.352285

[120 rows x 5 columns]
2026-05-07 03:00:37,520 [INFO] Best model :
SVC(C=1, class_weight='balanced', gamma=0.01, probability=True, random_state=42)
2026-05-07 03:00:37,652 [INFO] {'Data': 'train', 'ACC': 0.6627, 'Precision_macro': 0.6708, 'Recall_macro': 0.6677, 'F1_macro': 0.6618, 'AUC_ovr_macro': 0.8491, 'AUC_class0': 0.8575, 'AUC_class1': 0.8189, 'AUC_class2': 0.8707}
2026-05-07 03:00:37,679 [INFO] {'Data': 'valid', 'ACC': 0.6, 'Precision_macro': 0.64, 'Recall_macro': 0.6014, 'F1_macro': 0.6014, 'AUC_ovr_macro': 0.7846, 'AUC_class0': 0.8617, 'AUC_class1': 0.7084, 'AUC_class2': 0.7838}
2026-05-07 03:00:37,756 [INFO] {'Data': 'test', 'ACC': 0.5833, 'Precision_macro': 0.6512, 'Recall_macro': 0.5932, 'F1_macro': 0.5846, 'AUC_ovr_macro': 0.7975, 'AUC_class0': 0.8528, 'AUC_class1': 0.69, 'AUC_class2': 0.8497}
2026-05-07 03:00:37,762 [INFO] Time : 112.1484625339508
