2026-05-06 03:45:27,610 [INFO] Train data : E:\1ADD\ADis_QSAR\multiclass_0504\Vary_params_results\100\ECFP6_512bits\Robust\100_train_vector.tsv
2026-05-06 03:45:27,613 [INFO] Valid data : E:\1ADD\ADis_QSAR\multiclass_0504\Vary_params_results\100\ECFP6_512bits\Robust\100_valid_vector.tsv
2026-05-06 03:45:27,614 [INFO] Output path : E:\1ADD\ADis_QSAR\multiclass_0504\Vary_params_results\100\ECFP6_512bits\Robust\100_model\MLP
2026-05-06 03:45:27,614 [INFO] Model type : MLP
2026-05-06 03:45:27,618 [INFO] Use cores : 19
2026-05-06 03:45:27,647 [INFO] Detected classes: [0, 1, 2] (n_classes=3)
2026-05-06 03:45:27,761 [INFO] Set parameters : {'mlp__hidden_layer_sizes': [(50,), (100,), (50, 50), (100, 100)], 'mlp__learning_rate': ['constant', 'invscaling', 'adaptive'], 'mlp__activation': ['relu', 'identity', 'logistic', 'tanh'], 'mlp__solver': ['adam', 'sgd', 'lbfgs'], 'mlp__alpha': [0.1, 0.01, 0.001], 'mlp__max_iter': [500, 1000], 'mlp__early_stopping': [True]}
2026-05-06 04:20:27,081 [INFO] GridSearchCV results :
     mean_valid_accuracy  ...  mean_valid_auc_ovr_macro
821             0.430128  ...                  0.588255
827             0.430128  ...                  0.588255
812             0.430128  ...                  0.588255
815             0.430128  ...                  0.588255
818             0.430128  ...                  0.588255
..                   ...  ...                       ...
622             0.421987  ...                  0.535274
547             0.421987  ...                  0.535274
478             0.421987  ...                  0.535274
619             0.421987  ...                  0.535274
475             0.421987  ...                  0.535274

[864 rows x 5 columns]
2026-05-06 04:20:27,087 [INFO] Best model :
Pipeline(steps=[('smote', SMOTE(random_state=42)),
                ('mlp',
                 MLPClassifier(activation='tanh', alpha=0.001,
                               early_stopping=True, max_iter=500,
                               random_state=42, solver='lbfgs'))])
2026-05-06 04:20:27,125 [INFO] {'Data': 'train', 'ACC': 1.0, 'Precision_macro': 1.0, 'Recall_macro': 1.0, 'F1_macro': 1.0, 'AUC_ovr_macro': 1.0, 'AUC_class0': 1.0, 'AUC_class1': 1.0, 'AUC_class2': 1.0}
2026-05-06 04:20:27,156 [INFO] {'Data': 'valid', 'ACC': 0.701, 'Precision_macro': 0.6923, 'Recall_macro': 0.702, 'F1_macro': 0.6924, 'AUC_ovr_macro': 0.8546, 'AUC_class0': 0.8868, 'AUC_class1': 0.7831, 'AUC_class2': 0.8938}
2026-05-06 04:20:27,212 [INFO] {'Data': 'test', 'ACC': 0.596, 'Precision_macro': 0.5727, 'Recall_macro': 0.5871, 'F1_macro': 0.5773, 'AUC_ovr_macro': 0.7829, 'AUC_class0': 0.8162, 'AUC_class1': 0.6736, 'AUC_class2': 0.8588}
2026-05-06 04:20:27,230 [INFO] Time : 2099.619813680649
