2026-05-07 00:44:16,081 [INFO] Train data : E:\1ADD\ADis_QSAR\multiclass_0506\Vary_params_results\50\ECFP4_256bits\Robust\50_train_vector.tsv
2026-05-07 00:44:16,081 [INFO] Valid data : E:\1ADD\ADis_QSAR\multiclass_0506\Vary_params_results\50\ECFP4_256bits\Robust\50_valid_vector.tsv
2026-05-07 00:44:16,082 [INFO] Output path : E:\1ADD\ADis_QSAR\multiclass_0506\Vary_params_results\50\ECFP4_256bits\Robust\50_model\MLP
2026-05-07 00:44:16,082 [INFO] Model type : MLP
2026-05-07 00:44:16,082 [INFO] Use cores : 19
2026-05-07 00:44:16,099 [INFO] Detected classes: [0, 1, 2] (n_classes=3)
2026-05-07 00:44:16,213 [INFO] Set parameters : {'mlp__hidden_layer_sizes': [(50,), (100,), (50, 50), (100, 100)], 'mlp__learning_rate': ['constant', 'invscaling', 'adaptive'], 'mlp__activation': ['relu', 'identity', 'logistic', 'tanh'], 'mlp__solver': ['adam', 'sgd', 'lbfgs'], 'mlp__alpha': [0.1, 0.01, 0.001], 'mlp__max_iter': [500, 1000], 'mlp__early_stopping': [True]}
2026-05-07 01:02:57,816 [INFO] GridSearchCV results :
     mean_valid_accuracy  ...  mean_valid_auc_ovr_macro
603             0.478405  ...                  0.629313
609             0.478405  ...                  0.629313
594             0.478405  ...                  0.629313
606             0.478405  ...                  0.629313
597             0.478405  ...                  0.629313
..                   ...  ...                       ...
640             0.287818  ...                  0.525297
568             0.287818  ...                  0.525297
493             0.287818  ...                  0.525297
496             0.287818  ...                  0.525297
637             0.287818  ...                  0.525297

[864 rows x 5 columns]
2026-05-07 01:02:57,822 [INFO] Best model :
Pipeline(steps=[('smote', SMOTE(random_state=42)),
                ('mlp',
                 MLPClassifier(activation='logistic', alpha=0.001,
                               early_stopping=True, max_iter=500,
                               random_state=42))])
2026-05-07 01:02:57,857 [INFO] {'Data': 'train', 'ACC': 0.9245, 'Precision_macro': 0.9234, 'Recall_macro': 0.9222, 'F1_macro': 0.9223, 'AUC_ovr_macro': 0.9794, 'AUC_class0': 0.9866, 'AUC_class1': 0.9726, 'AUC_class2': 0.979}
2026-05-07 01:02:57,887 [INFO] {'Data': 'valid', 'ACC': 0.6381, 'Precision_macro': 0.629, 'Recall_macro': 0.6296, 'F1_macro': 0.6284, 'AUC_ovr_macro': 0.7658, 'AUC_class0': 0.8125, 'AUC_class1': 0.6858, 'AUC_class2': 0.7991}
2026-05-07 01:02:57,929 [INFO] {'Data': 'test', 'ACC': 0.5926, 'Precision_macro': 0.5796, 'Recall_macro': 0.5849, 'F1_macro': 0.5727, 'AUC_ovr_macro': 0.7722, 'AUC_class0': 0.8189, 'AUC_class1': 0.6054, 'AUC_class2': 0.8924}
2026-05-07 01:02:57,953 [INFO] Time : 1121.8719158172607
