2026-05-07 15:06:34,599 [INFO] Train data : E:\1ADD\ADis_QSAR\multiclass_0506\Vary_params_results\80\ECFP6_512bits\Standard\80_train_vector.tsv
2026-05-07 15:06:34,599 [INFO] Valid data : E:\1ADD\ADis_QSAR\multiclass_0506\Vary_params_results\80\ECFP6_512bits\Standard\80_valid_vector.tsv
2026-05-07 15:06:34,600 [INFO] Output path : E:\1ADD\ADis_QSAR\multiclass_0506\Vary_params_results\80\ECFP6_512bits\Standard\80_model\MLP
2026-05-07 15:06:34,600 [INFO] Model type : MLP
2026-05-07 15:06:34,601 [INFO] Use cores : 19
2026-05-07 15:06:34,651 [INFO] Detected classes: [0, 1, 2] (n_classes=3)
2026-05-07 15:06:34,755 [INFO] Set parameters : {'mlp__hidden_layer_sizes': [(50,), (100,), (50, 50), (100, 100)], 'mlp__learning_rate': ['constant', 'invscaling', 'adaptive'], 'mlp__activation': ['relu', 'identity', 'logistic', 'tanh'], 'mlp__solver': ['adam', 'sgd', 'lbfgs'], 'mlp__alpha': [0.1, 0.01, 0.001], 'mlp__max_iter': [500, 1000], 'mlp__early_stopping': [True]}
2026-05-07 15:25:43,440 [INFO] GridSearchCV results :
     mean_valid_accuracy  ...  mean_valid_auc_ovr_macro
432             0.456037  ...                  0.592955
435             0.456037  ...                  0.592955
438             0.456037  ...                  0.592955
441             0.456037  ...                  0.592955
444             0.456037  ...                  0.592955
..                   ...  ...                       ...
601             0.302073  ...                  0.505475
604             0.302073  ...                  0.505475
457             0.302073  ...                  0.505475
460             0.302073  ...                  0.505475
532             0.302073  ...                  0.505475

[864 rows x 5 columns]
2026-05-07 15:25:43,451 [INFO] Best model :
Pipeline(steps=[('smote', SMOTE(random_state=42)),
                ('mlp',
                 MLPClassifier(activation='logistic', alpha=0.1,
                               early_stopping=True, hidden_layer_sizes=(50,),
                               max_iter=500, random_state=42))])
2026-05-07 15:25:43,497 [INFO] {'Data': 'train', 'ACC': 0.7673, 'Precision_macro': 0.7639, 'Recall_macro': 0.7661, 'F1_macro': 0.7616, 'AUC_ovr_macro': 0.901, 'AUC_class0': 0.9012, 'AUC_class1': 0.8636, 'AUC_class2': 0.9382}
2026-05-07 15:25:43,533 [INFO] {'Data': 'valid', 'ACC': 0.59, 'Precision_macro': 0.5713, 'Recall_macro': 0.5869, 'F1_macro': 0.5698, 'AUC_ovr_macro': 0.7932, 'AUC_class0': 0.7904, 'AUC_class1': 0.7014, 'AUC_class2': 0.8878}
2026-05-07 15:25:43,609 [INFO] {'Data': 'test', 'ACC': 0.5631, 'Precision_macro': 0.5517, 'Recall_macro': 0.5622, 'F1_macro': 0.5368, 'AUC_ovr_macro': 0.7498, 'AUC_class0': 0.824, 'AUC_class1': 0.5609, 'AUC_class2': 0.8644}
2026-05-07 15:25:43,632 [INFO] Time : 1149.0337109565735
