2026-05-06 23:49:56,404 [INFO] Train data : E:\1ADD\ADis_QSAR\multiclass_0506\Vary_params_results\50\ECFP2_512bits\MinMax\50_train_vector.tsv
2026-05-06 23:49:56,404 [INFO] Valid data : E:\1ADD\ADis_QSAR\multiclass_0506\Vary_params_results\50\ECFP2_512bits\MinMax\50_valid_vector.tsv
2026-05-06 23:49:56,405 [INFO] Output path : E:\1ADD\ADis_QSAR\multiclass_0506\Vary_params_results\50\ECFP2_512bits\MinMax\50_model\MLP
2026-05-06 23:49:56,405 [INFO] Model type : MLP
2026-05-06 23:49:56,405 [INFO] Use cores : 19
2026-05-06 23:49:56,433 [INFO] Detected classes: [0, 1, 2] (n_classes=3)
2026-05-06 23:49:56,551 [INFO] Set parameters : {'mlp__hidden_layer_sizes': [(50,), (100,), (50, 50), (100, 100)], 'mlp__learning_rate': ['constant', 'invscaling', 'adaptive'], 'mlp__activation': ['relu', 'identity', 'logistic', 'tanh'], 'mlp__solver': ['adam', 'sgd', 'lbfgs'], 'mlp__alpha': [0.1, 0.01, 0.001], 'mlp__max_iter': [500, 1000], 'mlp__early_stopping': [True]}
2026-05-07 00:42:30,442 [INFO] GridSearchCV results :
     mean_valid_accuracy  ...  mean_valid_auc_ovr_macro
717             0.493300  ...                  0.671775
705             0.493300  ...                  0.671775
708             0.493300  ...                  0.671775
702             0.493300  ...                  0.671775
711             0.493300  ...                  0.671775
..                   ...  ...                       ...
493             0.287818  ...                  0.555267
601             0.287818  ...                  0.458649
604             0.287818  ...                  0.458649
640             0.287818  ...                  0.555267
568             0.287818  ...                  0.555267

[864 rows x 5 columns]
2026-05-07 00:42:30,449 [INFO] Best model :
Pipeline(steps=[('smote', SMOTE(random_state=42)),
                ('mlp',
                 MLPClassifier(activation='tanh', alpha=0.1,
                               early_stopping=True,
                               hidden_layer_sizes=(100, 100), max_iter=500,
                               random_state=42))])
2026-05-07 00:42:30,496 [INFO] {'Data': 'train', 'ACC': 0.6368, 'Precision_macro': 0.6451, 'Recall_macro': 0.6433, 'F1_macro': 0.6345, 'AUC_ovr_macro': 0.8275, 'AUC_class0': 0.8348, 'AUC_class1': 0.778, 'AUC_class2': 0.8698}
2026-05-07 00:42:30,535 [INFO] {'Data': 'valid', 'ACC': 0.5714, 'Precision_macro': 0.586, 'Recall_macro': 0.5651, 'F1_macro': 0.5647, 'AUC_ovr_macro': 0.7684, 'AUC_class0': 0.8457, 'AUC_class1': 0.6769, 'AUC_class2': 0.7825}
2026-05-07 00:42:30,595 [INFO] {'Data': 'test', 'ACC': 0.5185, 'Precision_macro': 0.5452, 'Recall_macro': 0.5207, 'F1_macro': 0.5132, 'AUC_ovr_macro': 0.7597, 'AUC_class0': 0.8128, 'AUC_class1': 0.6284, 'AUC_class2': 0.838}
2026-05-07 00:42:30,618 [INFO] Time : 3154.2143239974976
