2026-05-05 05:19:01,344 [INFO] Train data : E:\1ADD\ADis_QSAR\multiclass_0504\Vary_params_results\100\ECFP2_512bits\Standard\100_train_vector.tsv
2026-05-05 05:19:01,345 [INFO] Valid data : E:\1ADD\ADis_QSAR\multiclass_0504\Vary_params_results\100\ECFP2_512bits\Standard\100_valid_vector.tsv
2026-05-05 05:19:01,346 [INFO] Output path : E:\1ADD\ADis_QSAR\multiclass_0504\Vary_params_results\100\ECFP2_512bits\Standard\100_model\MLP
2026-05-05 05:19:01,346 [INFO] Model type : MLP
2026-05-05 05:19:01,347 [INFO] Use cores : 19
2026-05-05 05:19:01,389 [INFO] Detected classes: [0, 1, 2] (n_classes=3)
2026-05-05 05:19:01,511 [INFO] Set parameters : {'mlp__hidden_layer_sizes': [(50,), (100,), (50, 50), (100, 100)], 'mlp__learning_rate': ['constant', 'invscaling', 'adaptive'], 'mlp__activation': ['relu', 'identity', 'logistic', 'tanh'], 'mlp__solver': ['adam', 'sgd', 'lbfgs'], 'mlp__alpha': [0.1, 0.01, 0.001], 'mlp__max_iter': [500, 1000], 'mlp__early_stopping': [True]}
2026-05-05 05:50:21,440 [INFO] GridSearchCV results :
     mean_valid_accuracy  ...  mean_valid_auc_ovr_macro
715             0.447949  ...                  0.612746
718             0.447949  ...                  0.612746
790             0.442821  ...                  0.610988
862             0.442821  ...                  0.610988
859             0.442821  ...                  0.610988
..                   ...  ...                       ...
457             0.312051  ...                  0.483927
601             0.312051  ...                  0.483927
529             0.312051  ...                  0.483927
604             0.312051  ...                  0.483927
532             0.312051  ...                  0.483927

[864 rows x 5 columns]
2026-05-05 05:50:21,448 [INFO] Best model :
Pipeline(steps=[('smote', SMOTE(random_state=42)),
                ('mlp',
                 MLPClassifier(activation='tanh', alpha=0.1,
                               early_stopping=True,
                               hidden_layer_sizes=(100, 100),
                               learning_rate='adaptive', max_iter=500,
                               random_state=42, solver='sgd'))])
2026-05-05 05:50:21,491 [INFO] {'Data': 'train', 'ACC': 0.7749, 'Precision_macro': 0.768, 'Recall_macro': 0.7776, 'F1_macro': 0.7699, 'AUC_ovr_macro': 0.901, 'AUC_class0': 0.9129, 'AUC_class1': 0.8603, 'AUC_class2': 0.93}
2026-05-05 05:50:21,523 [INFO] {'Data': 'valid', 'ACC': 0.6495, 'Precision_macro': 0.6324, 'Recall_macro': 0.6366, 'F1_macro': 0.633, 'AUC_ovr_macro': 0.7874, 'AUC_class0': 0.8754, 'AUC_class1': 0.7104, 'AUC_class2': 0.7763}
2026-05-05 05:50:21,585 [INFO] {'Data': 'test', 'ACC': 0.5556, 'Precision_macro': 0.5478, 'Recall_macro': 0.5471, 'F1_macro': 0.5451, 'AUC_ovr_macro': 0.7377, 'AUC_class0': 0.8191, 'AUC_class1': 0.6442, 'AUC_class2': 0.7497}
2026-05-05 05:50:21,609 [INFO] Time : 1880.2651295661926
