2026-05-07 13:37:31,257 [INFO] Train data : E:\1ADD\ADis_QSAR\multiclass_0506\Vary_params_results\80\ECFP6_256bits\Robust\80_train_vector.tsv
2026-05-07 13:37:31,258 [INFO] Valid data : E:\1ADD\ADis_QSAR\multiclass_0506\Vary_params_results\80\ECFP6_256bits\Robust\80_valid_vector.tsv
2026-05-07 13:37:31,259 [INFO] Output path : E:\1ADD\ADis_QSAR\multiclass_0506\Vary_params_results\80\ECFP6_256bits\Robust\80_model\MLP
2026-05-07 13:37:31,259 [INFO] Model type : MLP
2026-05-07 13:37:31,259 [INFO] Use cores : 19
2026-05-07 13:37:31,279 [INFO] Detected classes: [0, 1, 2] (n_classes=3)
2026-05-07 13:37:31,416 [INFO] Set parameters : {'mlp__hidden_layer_sizes': [(50,), (100,), (50, 50), (100, 100)], 'mlp__learning_rate': ['constant', 'invscaling', 'adaptive'], 'mlp__activation': ['relu', 'identity', 'logistic', 'tanh'], 'mlp__solver': ['adam', 'sgd', 'lbfgs'], 'mlp__alpha': [0.1, 0.01, 0.001], 'mlp__max_iter': [500, 1000], 'mlp__early_stopping': [True]}
2026-05-07 13:59:02,901 [INFO] GridSearchCV results :
     mean_valid_accuracy  ...  mean_valid_auc_ovr_macro
450             0.450732  ...                  0.608580
453             0.450732  ...                  0.608580
456             0.450732  ...                  0.608580
459             0.450732  ...                  0.608580
462             0.450732  ...                  0.608580
..                   ...  ...                       ...
565             0.302073  ...                  0.527578
568             0.302073  ...                  0.527578
496             0.302073  ...                  0.527578
493             0.302073  ...                  0.527578
640             0.302073  ...                  0.527578

[864 rows x 5 columns]
2026-05-07 13:59:02,915 [INFO] Best model :
Pipeline(steps=[('smote', SMOTE(random_state=42)),
                ('mlp',
                 MLPClassifier(activation='logistic', alpha=0.1,
                               early_stopping=True, max_iter=500,
                               random_state=42))])
2026-05-07 13:59:02,973 [INFO] {'Data': 'train', 'ACC': 0.9505, 'Precision_macro': 0.9511, 'Recall_macro': 0.9499, 'F1_macro': 0.9504, 'AUC_ovr_macro': 0.9872, 'AUC_class0': 0.9877, 'AUC_class1': 0.9819, 'AUC_class2': 0.992}
2026-05-07 13:59:03,026 [INFO] {'Data': 'valid', 'ACC': 0.56, 'Precision_macro': 0.5436, 'Recall_macro': 0.5486, 'F1_macro': 0.5455, 'AUC_ovr_macro': 0.7584, 'AUC_class0': 0.8086, 'AUC_class1': 0.6619, 'AUC_class2': 0.8048}
2026-05-07 13:59:03,096 [INFO] {'Data': 'test', 'ACC': 0.5049, 'Precision_macro': 0.5112, 'Recall_macro': 0.5036, 'F1_macro': 0.5048, 'AUC_ovr_macro': 0.7022, 'AUC_class0': 0.7588, 'AUC_class1': 0.5506, 'AUC_class2': 0.7973}
2026-05-07 13:59:03,120 [INFO] Time : 1291.8632078170776
