2026-05-07 06:50:34,387 [INFO] Train data : E:\1ADD\ADis_QSAR\multiclass_0506\Vary_params_results\80\ECFP2_256bits\Standard\80_train_vector.tsv
2026-05-07 06:50:34,388 [INFO] Valid data : E:\1ADD\ADis_QSAR\multiclass_0506\Vary_params_results\80\ECFP2_256bits\Standard\80_valid_vector.tsv
2026-05-07 06:50:34,388 [INFO] Output path : E:\1ADD\ADis_QSAR\multiclass_0506\Vary_params_results\80\ECFP2_256bits\Standard\80_model\MLP
2026-05-07 06:50:34,389 [INFO] Model type : MLP
2026-05-07 06:50:34,389 [INFO] Use cores : 19
2026-05-07 06:50:34,414 [INFO] Detected classes: [0, 1, 2] (n_classes=3)
2026-05-07 06:50:34,530 [INFO] Set parameters : {'mlp__hidden_layer_sizes': [(50,), (100,), (50, 50), (100, 100)], 'mlp__learning_rate': ['constant', 'invscaling', 'adaptive'], 'mlp__activation': ['relu', 'identity', 'logistic', 'tanh'], 'mlp__solver': ['adam', 'sgd', 'lbfgs'], 'mlp__alpha': [0.1, 0.01, 0.001], 'mlp__max_iter': [500, 1000], 'mlp__early_stopping': [True]}
2026-05-07 07:08:50,810 [INFO] GridSearchCV results :
     mean_valid_accuracy  ...  mean_valid_auc_ovr_macro
213             0.455793  ...                  0.615111
210             0.455793  ...                  0.615111
207             0.455793  ...                  0.615111
204             0.455793  ...                  0.615111
201             0.455793  ...                  0.615111
..                   ...  ...                       ...
496             0.302073  ...                  0.480341
565             0.302073  ...                  0.480341
493             0.302073  ...                  0.480341
640             0.302073  ...                  0.480341
568             0.302073  ...                  0.480341

[864 rows x 5 columns]
2026-05-07 07:08:50,817 [INFO] Best model :
Pipeline(steps=[('smote', SMOTE(random_state=42)),
                ('mlp',
                 MLPClassifier(alpha=0.001, early_stopping=True,
                               hidden_layer_sizes=(100, 100), max_iter=500,
                               random_state=42))])
2026-05-07 07:08:50,850 [INFO] {'Data': 'train', 'ACC': 0.9282, 'Precision_macro': 0.927, 'Recall_macro': 0.9262, 'F1_macro': 0.9266, 'AUC_ovr_macro': 0.979, 'AUC_class0': 0.9812, 'AUC_class1': 0.9674, 'AUC_class2': 0.9884}
2026-05-07 07:08:50,878 [INFO] {'Data': 'valid', 'ACC': 0.68, 'Precision_macro': 0.671, 'Recall_macro': 0.6622, 'F1_macro': 0.6591, 'AUC_ovr_macro': 0.8467, 'AUC_class0': 0.8661, 'AUC_class1': 0.7838, 'AUC_class2': 0.8902}
2026-05-07 07:08:50,920 [INFO] {'Data': 'test', 'ACC': 0.534, 'Precision_macro': 0.5152, 'Recall_macro': 0.5218, 'F1_macro': 0.5178, 'AUC_ovr_macro': 0.7209, 'AUC_class0': 0.7896, 'AUC_class1': 0.5896, 'AUC_class2': 0.7836}
2026-05-07 07:08:50,940 [INFO] Time : 1096.5528090000153
