2026-05-06 01:25:42,527 [INFO] Train data : E:\1ADD\ADis_QSAR\multiclass_0504\Vary_params_results\100\ECFP6_256bits\MinMax\100_train_vector.tsv
2026-05-06 01:25:42,527 [INFO] Valid data : E:\1ADD\ADis_QSAR\multiclass_0504\Vary_params_results\100\ECFP6_256bits\MinMax\100_valid_vector.tsv
2026-05-06 01:25:42,529 [INFO] Output path : E:\1ADD\ADis_QSAR\multiclass_0504\Vary_params_results\100\ECFP6_256bits\MinMax\100_model\MLP
2026-05-06 01:25:42,529 [INFO] Model type : MLP
2026-05-06 01:25:42,530 [INFO] Use cores : 19
2026-05-06 01:25:42,545 [INFO] Detected classes: [0, 1, 2] (n_classes=3)
2026-05-06 01:25:42,912 [INFO] Set parameters : {'mlp__hidden_layer_sizes': [(50,), (100,), (50, 50), (100, 100)], 'mlp__learning_rate': ['constant', 'invscaling', 'adaptive'], 'mlp__activation': ['relu', 'identity', 'logistic', 'tanh'], 'mlp__solver': ['adam', 'sgd', 'lbfgs'], 'mlp__alpha': [0.1, 0.01, 0.001], 'mlp__max_iter': [500, 1000], 'mlp__early_stopping': [True]}
2026-05-06 01:41:55,804 [INFO] GridSearchCV results :
     mean_valid_accuracy  ...  mean_valid_auc_ovr_macro
105             0.478397  ...                  0.637529
102             0.478397  ...                  0.637529
99              0.478397  ...                  0.637529
90              0.478397  ...                  0.637529
96              0.478397  ...                  0.637529
..                   ...  ...                       ...
457             0.265962  ...                  0.516740
460             0.265962  ...                  0.516740
601             0.265962  ...                  0.516740
604             0.265962  ...                  0.516740
529             0.265962  ...                  0.516740

[864 rows x 5 columns]
2026-05-06 01:41:55,810 [INFO] Best model :
Pipeline(steps=[('smote', SMOTE(random_state=42)),
                ('mlp',
                 MLPClassifier(alpha=0.01, early_stopping=True, max_iter=500,
                               random_state=42))])
2026-05-06 01:41:55,841 [INFO] {'Data': 'train', 'ACC': 0.8593, 'Precision_macro': 0.858, 'Recall_macro': 0.8505, 'F1_macro': 0.8526, 'AUC_ovr_macro': 0.9559, 'AUC_class0': 0.9626, 'AUC_class1': 0.9321, 'AUC_class2': 0.9729}
2026-05-06 01:41:55,868 [INFO] {'Data': 'valid', 'ACC': 0.5258, 'Precision_macro': 0.4995, 'Recall_macro': 0.5135, 'F1_macro': 0.4992, 'AUC_ovr_macro': 0.7707, 'AUC_class0': 0.8014, 'AUC_class1': 0.6786, 'AUC_class2': 0.8321}
2026-05-06 01:41:55,907 [INFO] {'Data': 'test', 'ACC': 0.5859, 'Precision_macro': 0.5666, 'Recall_macro': 0.5841, 'F1_macro': 0.5719, 'AUC_ovr_macro': 0.7273, 'AUC_class0': 0.7268, 'AUC_class1': 0.5811, 'AUC_class2': 0.8741}
2026-05-06 01:41:55,929 [INFO] Time : 973.4017486572266
