2026-05-07 11:37:11,544 [INFO] Train data : E:\1ADD\ADis_QSAR\multiclass_0506\Vary_params_results\80\ECFP4_256bits\Standard\80_train_vector.tsv
2026-05-07 11:37:11,544 [INFO] Valid data : E:\1ADD\ADis_QSAR\multiclass_0506\Vary_params_results\80\ECFP4_256bits\Standard\80_valid_vector.tsv
2026-05-07 11:37:11,545 [INFO] Output path : E:\1ADD\ADis_QSAR\multiclass_0506\Vary_params_results\80\ECFP4_256bits\Standard\80_model\SVM
2026-05-07 11:37:11,545 [INFO] Model type : SVM
2026-05-07 11:37:11,545 [INFO] Use cores : 19
2026-05-07 11:37:11,572 [INFO] Detected classes: [0, 1, 2] (n_classes=3)
2026-05-07 11:37:11,572 [INFO] Set parameters : {'kernel': ['linear', 'rbf'], 'C': [0.01, 0.1, 1, 10, 100, 1000], 'gamma': [0.01, 0.1, 1, 100, 1000], 'class_weight': [None, 'balanced']}
2026-05-07 11:38:08,247 [INFO] GridSearchCV results :
    mean_valid_accuracy  ...  mean_valid_auc_ovr_macro
16             0.438354  ...                  0.618071
14             0.438354  ...                  0.618071
12             0.438354  ...                  0.618071
10             0.438354  ...                  0.618071
18             0.438354  ...                  0.618071
..                  ...  ...                       ...
33             0.292073  ...                  0.493951
31             0.292073  ...                  0.390508
37             0.292073  ...                  0.500000
35             0.292073  ...                  0.500000
39             0.292073  ...                  0.500000

[120 rows x 5 columns]
2026-05-07 11:38:08,250 [INFO] Best model :
SVC(C=0.01, class_weight='balanced', gamma=0.01, kernel='linear',
    probability=True, random_state=42)
2026-05-07 11:38:08,288 [INFO] {'Data': 'train', 'ACC': 0.8144, 'Precision_macro': 0.8118, 'Recall_macro': 0.8209, 'F1_macro': 0.8133, 'AUC_ovr_macro': 0.9219, 'AUC_class0': 0.9388, 'AUC_class1': 0.8899, 'AUC_class2': 0.9369}
2026-05-07 11:38:08,304 [INFO] {'Data': 'valid', 'ACC': 0.7, 'Precision_macro': 0.7053, 'Recall_macro': 0.7128, 'F1_macro': 0.6995, 'AUC_ovr_macro': 0.8679, 'AUC_class0': 0.8871, 'AUC_class1': 0.7971, 'AUC_class2': 0.9194}
2026-05-07 11:38:08,327 [INFO] {'Data': 'test', 'ACC': 0.6893, 'Precision_macro': 0.7013, 'Recall_macro': 0.7055, 'F1_macro': 0.6872, 'AUC_ovr_macro': 0.8176, 'AUC_class0': 0.8517, 'AUC_class1': 0.7003, 'AUC_class2': 0.9009}
2026-05-07 11:38:08,332 [INFO] Time : 56.78760528564453
